2026-02-12 00:00:09 INFO  c.e.d.a.a.LoggingServices [http-nio-8080-exec-2] - --> START method 'deleteUser' with arguments: [17]
2026-02-12 00:00:09 INFO  c.e.d.a.a.LoggingServices [http-nio-8080-exec-2] - <-- END method 'deleteUser'. Return: null. Time taken: 2 ms
2026-02-12 00:00:09 INFO  c.e.d.a.a.LoggingServices [http-nio-8080-exec-1] - --> START method 'getAllUsers' with arguments: [UserFilterDto(search=null, role=null, isEnabled=null), Page request [number: 1, size 10, sort: id: ASC]]
2026-02-12 00:00:09 INFO  c.e.d.a.a.LoggingServices [http-nio-8080-exec-1] - <-- END method 'getAllUsers'. Return: Page 2 of 3 containing com.epam.dimazak.appliances.model.dto.admin.AdminUserDto instances. Time taken: 4 ms
2026-02-12 00:00:15 INFO  c.e.d.a.a.LoggingServices [http-nio-8080-exec-5] - --> START method 'authenticate' with arguments: [AuthRequest(email=io@gmail.com, password=123123123)]
2026-02-12 00:00:15 ERROR c.e.d.a.a.LoggingServices [http-nio-8080-exec-5] - <-- ERROR in method 'authenticate': Користувача не знайдено
2026-02-12 00:02:45 INFO  o.s.b.t.GracefulShutdown [SpringApplicationShutdownHook] - Commencing graceful shutdown. Waiting for active requests to complete
2026-02-12 00:02:45 INFO  o.s.b.t.GracefulShutdown [tomcat-shutdown] - Graceful shutdown complete
2026-02-12 00:02:45 INFO  o.s.o.j.AbstractEntityManagerFactoryBean [SpringApplicationShutdownHook] - Closing JPA EntityManagerFactory for persistence unit 'default'
2026-02-12 00:02:45 INFO  c.z.h.HikariDataSource [SpringApplicationShutdownHook] - HikariPool-1 - Shutdown initiated...
2026-02-12 00:02:45 INFO  c.z.h.HikariDataSource [SpringApplicationShutdownHook] - HikariPool-1 - Shutdown completed.
2026-02-12 00:02:55 INFO  o.s.b.StartupInfoLogger [main] - Starting ApplianceStoreApplication using Java 22.0.1 with PID 24776 (C:\Users\Dell\Desktop\study\epam\final-project\appliances\target\classes started by Dell in C:\Users\Dell\Desktop\study\epam\final-project\appliances)
2026-02-12 00:02:55 INFO  o.s.b.SpringApplication [main] - No active profile set, falling back to 1 default profile: "default"
2026-02-12 00:02:56 INFO  o.s.d.r.c.RepositoryConfigurationDelegate [main] - Bootstrapping Spring Data JPA repositories in DEFAULT mode.
2026-02-12 00:02:56 INFO  o.s.d.r.c.RepositoryConfigurationDelegate [main] - Finished Spring Data repository scanning in 86 ms. Found 9 JPA repository interfaces.
2026-02-12 00:02:57 INFO  o.s.b.t.TomcatWebServer [main] - Tomcat initialized with port 8080 (http)
2026-02-12 00:02:57 INFO  o.a.j.l.DirectJDKLog [main] - Starting service [Tomcat]
2026-02-12 00:02:57 INFO  o.a.j.l.DirectJDKLog [main] - Starting Servlet engine: [Apache Tomcat/11.0.15]
2026-02-12 00:02:57 INFO  o.s.b.w.c.s.WebApplicationContextInitializer [main] - Root WebApplicationContext: initialization completed in 1741 ms
2026-02-12 00:02:57 INFO  o.h.j.i.u.LogHelper [main] - HHH008540: Processing PersistenceUnitInfo [name: default]
2026-02-12 00:02:57 INFO  o.h.Version [main] - HHH000001: Hibernate ORM core version 7.2.1.Final
2026-02-12 00:02:58 INFO  o.s.o.j.p.SpringPersistenceUnitInfo [main] - No LoadTimeWeaver setup: ignoring JPA class transformer
2026-02-12 00:02:58 INFO  c.z.h.HikariDataSource [main] - HikariPool-1 - Starting...
2026-02-12 00:02:58 INFO  c.z.h.p.HikariPool [main] - HikariPool-1 - Added connection conn1: url=jdbc:h2:file:./data/appliances user=SA
2026-02-12 00:02:58 INFO  c.z.h.HikariDataSource [main] - HikariPool-1 - Start completed.
2026-02-12 00:02:58 WARN  o.h.e.j.d.i.DialectFactoryImpl [main] - HHH90000025: H2Dialect does not need to be specified explicitly using 'hibernate.dialect' (remove the property setting and it will be selected by default)
2026-02-12 00:02:58 INFO  o.h.e.j.e.i.JdbcEnvironmentInitiator [main] - HHH10001005: Database info:
	Database JDBC URL [jdbc:h2:file:./data/appliances]
	Database driver: H2 JDBC Driver
	Database dialect: H2Dialect
	Database version: 2.4.240
	Default catalog/schema: APPLIANCES/PUBLIC
	Autocommit mode: undefined/unknown
	Isolation level: READ_COMMITTED [default READ_COMMITTED]
	JDBC fetch size: 100
	Pool: DataSourceConnectionProvider
	Minimum pool size: undefined/unknown
	Maximum pool size: undefined/unknown
2026-02-12 00:03:00 INFO  o.h.e.t.j.p.i.JtaPlatformInitiator [main] - HHH000489: No JTA platform available (set 'hibernate.transaction.jta.platform' to enable JTA platform integration)
2026-02-12 00:03:00 INFO  o.s.o.j.AbstractEntityManagerFactoryBean [main] - Initialized JPA EntityManagerFactory for persistence unit 'default'
2026-02-12 00:03:00 INFO  o.s.d.j.r.q.QueryEnhancerFactories [main] - Hibernate is in classpath; If applicable, HQL parser will be used.
2026-02-12 00:03:00 INFO  o.s.s.c.a.a.c.InitializeAuthenticationProviderBeanManagerConfigurer$InitializeAuthenticationProviderManagerConfigurer [main] - Global AuthenticationManager configured with AuthenticationProvider bean with name authenticationProvider
2026-02-12 00:03:00 WARN  o.s.s.c.a.a.c.InitializeUserDetailsBeanManagerConfigurer$InitializeUserDetailsManagerConfigurer [main] - Global AuthenticationManager configured with an AuthenticationProvider bean. UserDetailsService beans will not be used by Spring Security for automatically configuring username/password login. Consider removing the AuthenticationProvider bean. Alternatively, consider using the UserDetailsService in a manually instantiated DaoAuthenticationProvider. If the current configuration is intentional, to turn off this warning, increase the logging level of 'org.springframework.security.config.annotation.authentication.configuration.InitializeUserDetailsBeanManagerConfigurer' to ERROR
2026-02-12 00:03:00 WARN  o.s.b.j.a.JpaBaseConfiguration$JpaWebConfiguration [main] - spring.jpa.open-in-view is enabled by default. Therefore, database queries may be performed during view rendering. Explicitly configure spring.jpa.open-in-view to disable this warning
2026-02-12 00:03:01 INFO  o.s.b.h.a.H2ConsoleAutoConfiguration$H2ConsoleLogger [main] - H2 console available at '/h2-console'. Database available at 'jdbc:h2:file:./data/appliances'
2026-02-12 00:03:01 INFO  o.s.b.t.TomcatWebServer [main] - Tomcat started on port 8080 (http) with context path '/'
2026-02-12 00:03:01 INFO  o.s.b.StartupInfoLogger [main] - Started ApplianceStoreApplication in 6.612 seconds (process running for 7.415)
2026-02-12 00:03:21 INFO  o.a.j.l.DirectJDKLog [http-nio-8080-exec-1] - Initializing Spring DispatcherServlet 'dispatcherServlet'
2026-02-12 00:03:21 INFO  o.s.w.s.FrameworkServlet [http-nio-8080-exec-1] - Initializing Servlet 'dispatcherServlet'
2026-02-12 00:03:21 INFO  o.s.w.s.FrameworkServlet [http-nio-8080-exec-1] - Completed initialization in 3 ms
2026-02-12 00:03:22 INFO  c.e.d.a.a.LoggingServices [http-nio-8080-exec-2] - --> START method 'getProfile' with arguments: [admin@gmail.com]
2026-02-12 00:03:22 INFO  c.e.d.a.a.LoggingServices [http-nio-8080-exec-2] - <-- END method 'getProfile'. Return: СlientProfileDto(name=Admin, email=admin@gmail.com, card=null, role=ADMIN). Time taken: 4 ms
2026-02-12 00:03:28 INFO  c.e.d.a.a.LoggingServices [http-nio-8080-exec-4] - --> START method 'authenticate' with arguments: [AuthRequest(email=admin@gmail.com, password=123123123)]
2026-02-12 00:03:28 INFO  c.e.d.a.a.LoggingServices [http-nio-8080-exec-4] - <-- END method 'authenticate'. Return: AuthResponse(token=eyJhbGciOiJIUzI1NiJ9.eyJyb2xlIjoiQURNSU4iLCJzdWIiOiJhZG1pbkBnbWFpbC5jb20iLCJpYXQiOjE3NzA4NDc0MDgsImV4cCI6MTc3MDkzMzgwOH0.GMAvNOKRzNVQWd9c_wiC5K6Nv29L48Z7XsgUn9ZxusE, role=ADMIN, name=Admin). Time taken: 437 ms
2026-02-12 00:03:28 INFO  c.e.d.a.a.LoggingServices [http-nio-8080-exec-3] - --> START method 'getMyCart' with arguments: [admin@gmail.com]
2026-02-12 00:03:28 INFO  c.e.d.a.a.LoggingServices [http-nio-8080-exec-7] - --> START method 'getAllCategories' with arguments: []
2026-02-12 00:03:28 INFO  c.e.d.a.a.LoggingServices [http-nio-8080-exec-8] - --> START method 'getAllManufacturers' with arguments: []
2026-02-12 00:03:28 INFO  c.e.d.a.a.LoggingServices [http-nio-8080-exec-9] - --> START method 'getAppliancesByFilter' with arguments: [ApplianceFilterDto(categoryId=null, manufacturerIds=null, name=null, minPrice=null, maxPrice=null, powerTypes=null, minPower=null, maxPower=null), Page request [number: 0, size 8, sort: createdAt: DESC]]
2026-02-12 00:03:28 ERROR c.e.d.a.a.LoggingServices [http-nio-8080-exec-3] - <-- ERROR in method 'getMyCart': Користувача не знайдено
2026-02-12 00:03:28 INFO  c.e.d.a.a.LoggingServices [http-nio-8080-exec-8] - <-- END method 'getAllManufacturers'. Return: [ManufacturerDto(id=1, name=Dell), ManufacturerDto(id=2, name=HP), ManufacturerDto(id=3, name=Apple), ManufacturerDto(id=4, name=Lenovo), ManufacturerDto(id=5, name=Acer), ManufacturerDto(id=6, name=AMD), ManufacturerDto(id=7, name=Samsung), ManufacturerDto(id=8, name=LG), ManufacturerDto(id=9, name=Bosch), ManufacturerDto(id=10, name=Dyson)]. Time taken: 30 ms
2026-02-12 00:03:28 INFO  c.e.d.a.a.LoggingServices [http-nio-8080-exec-7] - <-- END method 'getAllCategories'. Return: [CategoryDto(id=1, nameEn=Laptops, nameUa=Ноутбуки), CategoryDto(id=2, nameEn=Smartphones, nameUa=Смартфони), CategoryDto(id=3, nameEn=Refrigerators, nameUa=Холодильники), CategoryDto(id=4, nameEn=Washing Machines, nameUa=Пральні машини), CategoryDto(id=5, nameEn=Vacuums, nameUa=Пилососи), CategoryDto(id=6, nameEn=Monitors, nameUa=Монітори)]. Time taken: 34 ms
2026-02-12 00:03:28 WARN  c.e.d.a.e.GlobalExceptionHandler [http-nio-8080-exec-3] - Not found: Користувача не знайдено
2026-02-12 00:03:28 INFO  c.e.d.a.a.LoggingServices [http-nio-8080-exec-9] - <-- END method 'getAppliancesByFilter'. Return: Page 1 of 3 containing com.epam.dimazak.appliances.model.dto.appliance.ApplianceDto instances. Time taken: 69 ms
2026-02-12 00:03:28 WARN  o.s.d.w.c.SpringDataJackson3Configuration$PageModule$WarningLoggingModifier [http-nio-8080-exec-9] - Serializing PageImpl instances as-is is not supported, meaning that there is no guarantee about the stability of the resulting JSON structure!
	For a stable JSON structure, please use Spring Data's PagedModel (globally via @EnableSpringDataWebSupport(pageSerializationMode = VIA_DTO))
	or Spring HATEOAS and Spring Data's PagedResourcesAssembler as documented in https://docs.spring.io/spring-data/commons/reference/repositories/core-extensions.html#core.web.pageables.

2026-02-12 00:03:28 INFO  o.a.j.l.DirectJDKLog [http-nio-8080-exec-5] - A cookie header was received [g_state={"i_l":0,"i_ll":1770847402276,"i_e":{"enable_itp_optimization":0},"i_b":"evoXr5KDXW9JLi9Z1OGPT5yI+Cic3A9F0rsQCj40RrA"}] that contained an invalid cookie. That cookie will be ignored.
 Note: further occurrences of this error will be logged at DEBUG level.
2026-02-12 00:03:29 INFO  c.e.d.a.a.LoggingServices [http-nio-8080-exec-3] - --> START method 'getMyCart' with arguments: [admin@gmail.com]
2026-02-12 00:03:29 ERROR c.e.d.a.a.LoggingServices [http-nio-8080-exec-3] - <-- ERROR in method 'getMyCart': Користувача не знайдено
2026-02-12 00:03:29 WARN  c.e.d.a.e.GlobalExceptionHandler [http-nio-8080-exec-3] - Not found: Користувача не знайдено
2026-02-12 00:03:33 INFO  c.e.d.a.a.LoggingServices [http-nio-8080-exec-4] - --> START method 'getProfile' with arguments: [admin@gmail.com]
2026-02-12 00:03:33 INFO  c.e.d.a.a.LoggingServices [http-nio-8080-exec-4] - <-- END method 'getProfile'. Return: СlientProfileDto(name=Admin, email=admin@gmail.com, card=null, role=ADMIN). Time taken: 2 ms
2026-02-12 00:03:35 INFO  c.e.d.a.a.LoggingServices [http-nio-8080-exec-10] - --> START method 'getAllUsers' with arguments: [UserFilterDto(search=null, role=null, isEnabled=null), Page request [number: 0, size 10, sort: id: ASC]]
2026-02-12 00:03:35 INFO  c.e.d.a.a.LoggingServices [http-nio-8080-exec-10] - <-- END method 'getAllUsers'. Return: Page 1 of 3 containing com.epam.dimazak.appliances.model.dto.admin.AdminUserDto instances. Time taken: 21 ms
2026-02-12 00:03:39 INFO  c.e.d.a.a.LoggingServices [http-nio-8080-exec-1] - --> START method 'updateUserStatus' with arguments: [1, false]
2026-02-12 00:03:39 INFO  c.e.d.a.a.LoggingServices [http-nio-8080-exec-1] - <-- END method 'updateUserStatus'. Return: null. Time taken: 13 ms
2026-02-12 00:03:39 INFO  c.e.d.a.a.LoggingServices [http-nio-8080-exec-5] - --> START method 'getAllUsers' with arguments: [UserFilterDto(search=null, role=null, isEnabled=null), Page request [number: 0, size 10, sort: id: ASC]]
2026-02-12 00:03:39 INFO  c.e.d.a.a.LoggingServices [http-nio-8080-exec-5] - <-- END method 'getAllUsers'. Return: Page 1 of 3 containing com.epam.dimazak.appliances.model.dto.admin.AdminUserDto instances. Time taken: 6 ms
2026-02-12 00:03:45 INFO  c.e.d.a.a.LoggingServices [http-nio-8080-exec-7] - --> START method 'authenticate' with arguments: [AuthRequest(email=mercury@gmail.com, password=123123123)]
2026-02-12 00:03:45 ERROR c.e.d.a.a.LoggingServices [http-nio-8080-exec-7] - <-- ERROR in method 'authenticate': User is disabled
2026-02-12 00:03:48 INFO  c.e.d.a.a.LoggingServices [http-nio-8080-exec-3] - --> START method 'authenticate' with arguments: [AuthRequest(email=mercury@gmail.com, password=123123123)]
2026-02-12 00:03:48 ERROR c.e.d.a.a.LoggingServices [http-nio-8080-exec-3] - <-- ERROR in method 'authenticate': User is disabled
2026-02-12 00:03:50 INFO  c.e.d.a.a.LoggingServices [http-nio-8080-exec-9] - --> START method 'authenticate' with arguments: [AuthRequest(email=mercury@gmail.com, password=123123123)]
2026-02-12 00:03:50 ERROR c.e.d.a.a.LoggingServices [http-nio-8080-exec-9] - <-- ERROR in method 'authenticate': User is disabled
2026-02-12 00:03:51 INFO  c.e.d.a.a.LoggingServices [http-nio-8080-exec-6] - --> START method 'authenticate' with arguments: [AuthRequest(email=mercury@gmail.com, password=123123123)]
2026-02-12 00:03:51 ERROR c.e.d.a.a.LoggingServices [http-nio-8080-exec-6] - <-- ERROR in method 'authenticate': User is disabled
2026-02-12 00:04:09 INFO  c.e.d.a.a.LoggingServices [http-nio-8080-exec-2] - --> START method 'authenticate' with arguments: [AuthRequest(email=mercury@gmail.com, password=123123123)]
2026-02-12 00:04:09 ERROR c.e.d.a.a.LoggingServices [http-nio-8080-exec-2] - <-- ERROR in method 'authenticate': User is disabled
2026-02-12 00:06:12 INFO  c.e.d.a.a.LoggingServices [http-nio-8080-exec-3] - --> START method 'register' with arguments: [RegisterRequest(name=qwe, email=dimazak2704@gmail.com, password=123123123, card=null)]
2026-02-12 00:06:12 INFO  c.e.d.a.a.LoggingServices [http-nio-8080-exec-3] - --> START method 'sendSimpleMessage' with arguments: [dimazak2704@gmail.com, Підтвердження електронної пошти, Будь ласка, натисніть на посилання нижче, щоб активувати ваш акаунт:
http://localhost:5173/confirm-email?token=1acfe485-e7c9-43b8-bed3-67c0397ab073]
2026-02-12 00:06:14 INFO  c.e.d.a.s.i.EmailService [http-nio-8080-exec-3] - Email sent to dimazak2704@gmail.com
2026-02-12 00:06:14 INFO  c.e.d.a.a.LoggingServices [http-nio-8080-exec-3] - <-- END method 'sendSimpleMessage'. Return: null. Time taken: 2041 ms
2026-02-12 00:06:14 INFO  c.e.d.a.a.LoggingServices [http-nio-8080-exec-3] - <-- END method 'register'. Return: AuthResponse(token=null, role=GUEST, name=null). Time taken: 2196 ms
2026-02-12 00:06:22 INFO  c.e.d.a.a.LoggingServices [http-nio-8080-exec-8] - --> START method 'confirmEmail' with arguments: [1acfe485-e7c9-43b8-bed3-67c0397ab073]
2026-02-12 00:06:22 INFO  c.e.d.a.a.LoggingServices [http-nio-8080-exec-8] - <-- END method 'confirmEmail'. Return: null. Time taken: 20 ms
2026-02-12 00:07:22 INFO  c.e.d.a.a.LoggingServices [http-nio-8080-exec-10] - --> START method 'getAllCategories' with arguments: []
2026-02-12 00:07:22 INFO  c.e.d.a.a.LoggingServices [http-nio-8080-exec-1] - --> START method 'getAllManufacturers' with arguments: []
2026-02-12 00:07:22 INFO  c.e.d.a.a.LoggingServices [http-nio-8080-exec-5] - --> START method 'getAppliancesByFilter' with arguments: [ApplianceFilterDto(categoryId=null, manufacturerIds=null, name=null, minPrice=null, maxPrice=null, powerTypes=null, minPower=null, maxPower=null), Page request [number: 0, size 8, sort: createdAt: DESC]]
2026-02-12 00:07:22 INFO  c.e.d.a.a.LoggingServices [http-nio-8080-exec-1] - <-- END method 'getAllManufacturers'. Return: [ManufacturerDto(id=1, name=Dell), ManufacturerDto(id=2, name=HP), ManufacturerDto(id=3, name=Apple), ManufacturerDto(id=4, name=Lenovo), ManufacturerDto(id=5, name=Acer), ManufacturerDto(id=6, name=AMD), ManufacturerDto(id=7, name=Samsung), ManufacturerDto(id=8, name=LG), ManufacturerDto(id=9, name=Bosch), ManufacturerDto(id=10, name=Dyson)]. Time taken: 4 ms
2026-02-12 00:07:22 INFO  c.e.d.a.a.LoggingServices [http-nio-8080-exec-10] - <-- END method 'getAllCategories'. Return: [CategoryDto(id=1, nameEn=Laptops, nameUa=Ноутбуки), CategoryDto(id=2, nameEn=Smartphones, nameUa=Смартфони), CategoryDto(id=3, nameEn=Refrigerators, nameUa=Холодильники), CategoryDto(id=4, nameEn=Washing Machines, nameUa=Пральні машини), CategoryDto(id=5, nameEn=Vacuums, nameUa=Пилососи), CategoryDto(id=6, nameEn=Monitors, nameUa=Монітори)]. Time taken: 5 ms
2026-02-12 00:07:22 INFO  c.e.d.a.a.LoggingServices [http-nio-8080-exec-5] - <-- END method 'getAppliancesByFilter'. Return: Page 1 of 3 containing com.epam.dimazak.appliances.model.dto.appliance.ApplianceDto instances. Time taken: 30 ms
2026-02-12 00:07:37 INFO  c.e.d.a.a.LoggingServices [http-nio-8080-exec-5] - --> START method 'authenticate' with arguments: [AuthRequest(email=admin@gmail.com, password=123123123)]
2026-02-12 00:07:38 INFO  c.e.d.a.a.LoggingServices [http-nio-8080-exec-5] - <-- END method 'authenticate'. Return: AuthResponse(token=eyJhbGciOiJIUzI1NiJ9.eyJyb2xlIjoiQURNSU4iLCJzdWIiOiJhZG1pbkBnbWFpbC5jb20iLCJpYXQiOjE3NzA4NDc2NTgsImV4cCI6MTc3MDkzNDA1OH0.WZ9e8XBoz40fb_kySP7MGh4ofJA4eLo3ukhLHgso-N4, role=ADMIN, name=Admin). Time taken: 328 ms
2026-02-12 00:07:38 INFO  c.e.d.a.a.LoggingServices [http-nio-8080-exec-4] - --> START method 'getMyCart' with arguments: [admin@gmail.com]
2026-02-12 00:07:38 ERROR c.e.d.a.a.LoggingServices [http-nio-8080-exec-4] - <-- ERROR in method 'getMyCart': Користувача не знайдено
2026-02-12 00:07:38 WARN  c.e.d.a.e.GlobalExceptionHandler [http-nio-8080-exec-4] - Not found: Користувача не знайдено
2026-02-12 00:07:38 INFO  c.e.d.a.a.LoggingServices [http-nio-8080-exec-8] - --> START method 'getAllManufacturers' with arguments: []
2026-02-12 00:07:38 INFO  c.e.d.a.a.LoggingServices [http-nio-8080-exec-3] - --> START method 'getAllCategories' with arguments: []
2026-02-12 00:07:38 INFO  c.e.d.a.a.LoggingServices [http-nio-8080-exec-1] - --> START method 'getAppliancesByFilter' with arguments: [ApplianceFilterDto(categoryId=null, manufacturerIds=null, name=null, minPrice=null, maxPrice=null, powerTypes=null, minPower=null, maxPower=null), Page request [number: 0, size 8, sort: createdAt: DESC]]
2026-02-12 00:07:38 INFO  c.e.d.a.a.LoggingServices [http-nio-8080-exec-8] - <-- END method 'getAllManufacturers'. Return: [ManufacturerDto(id=1, name=Dell), ManufacturerDto(id=2, name=HP), ManufacturerDto(id=3, name=Apple), ManufacturerDto(id=4, name=Lenovo), ManufacturerDto(id=5, name=Acer), ManufacturerDto(id=6, name=AMD), ManufacturerDto(id=7, name=Samsung), ManufacturerDto(id=8, name=LG), ManufacturerDto(id=9, name=Bosch), ManufacturerDto(id=10, name=Dyson)]. Time taken: 6 ms
2026-02-12 00:07:38 INFO  c.e.d.a.a.LoggingServices [http-nio-8080-exec-3] - <-- END method 'getAllCategories'. Return: [CategoryDto(id=1, nameEn=Laptops, nameUa=Ноутбуки), CategoryDto(id=2, nameEn=Smartphones, nameUa=Смартфони), CategoryDto(id=3, nameEn=Refrigerators, nameUa=Холодильники), CategoryDto(id=4, nameEn=Washing Machines, nameUa=Пральні машини), CategoryDto(id=5, nameEn=Vacuums, nameUa=Пилососи), CategoryDto(id=6, nameEn=Monitors, nameUa=Монітори)]. Time taken: 4 ms
2026-02-12 00:07:38 INFO  c.e.d.a.a.LoggingServices [http-nio-8080-exec-1] - <-- END method 'getAppliancesByFilter'. Return: Page 1 of 3 containing com.epam.dimazak.appliances.model.dto.appliance.ApplianceDto instances. Time taken: 26 ms
2026-02-12 00:07:39 INFO  c.e.d.a.a.LoggingServices [http-nio-8080-exec-6] - --> START method 'getMyCart' with arguments: [admin@gmail.com]
2026-02-12 00:07:39 ERROR c.e.d.a.a.LoggingServices [http-nio-8080-exec-6] - <-- ERROR in method 'getMyCart': Користувача не знайдено
2026-02-12 00:07:39 WARN  c.e.d.a.e.GlobalExceptionHandler [http-nio-8080-exec-6] - Not found: Користувача не знайдено
2026-02-12 00:07:41 INFO  c.e.d.a.a.LoggingServices [http-nio-8080-exec-7] - --> START method 'getProfile' with arguments: [admin@gmail.com]
2026-02-12 00:07:41 INFO  c.e.d.a.a.LoggingServices [http-nio-8080-exec-7] - <-- END method 'getProfile'. Return: СlientProfileDto(name=Admin, email=admin@gmail.com, card=null, role=ADMIN). Time taken: 3 ms
2026-02-12 00:07:42 INFO  c.e.d.a.a.LoggingServices [http-nio-8080-exec-3] - --> START method 'getAllUsers' with arguments: [UserFilterDto(search=null, role=null, isEnabled=null), Page request [number: 0, size 10, sort: id: ASC]]
2026-02-12 00:07:42 INFO  c.e.d.a.a.LoggingServices [http-nio-8080-exec-3] - <-- END method 'getAllUsers'. Return: Page 1 of 3 containing com.epam.dimazak.appliances.model.dto.admin.AdminUserDto instances. Time taken: 6 ms
2026-02-12 00:07:50 INFO  c.e.d.a.a.LoggingServices [http-nio-8080-exec-10] - --> START method 'getAllUsers' with arguments: [UserFilterDto(search=dimazak, role=null, isEnabled=null), Page request [number: 0, size 10, sort: id: ASC]]
2026-02-12 00:07:50 INFO  c.e.d.a.a.LoggingServices [http-nio-8080-exec-10] - <-- END method 'getAllUsers'. Return: Page 1 of 1 containing com.epam.dimazak.appliances.model.dto.admin.AdminUserDto instances. Time taken: 23 ms
2026-02-12 00:07:54 INFO  c.e.d.a.a.LoggingServices [http-nio-8080-exec-1] - --> START method 'deleteUser' with arguments: [100]
2026-02-12 00:07:54 INFO  c.e.d.a.a.LoggingServices [http-nio-8080-exec-1] - <-- END method 'deleteUser'. Return: null. Time taken: 3 ms
2026-02-12 00:07:54 INFO  c.e.d.a.a.LoggingServices [http-nio-8080-exec-6] - --> START method 'getAllUsers' with arguments: [UserFilterDto(search=dimazak, role=null, isEnabled=null), Page request [number: 0, size 10, sort: id: ASC]]
2026-02-12 00:07:54 INFO  c.e.d.a.a.LoggingServices [http-nio-8080-exec-6] - <-- END method 'getAllUsers'. Return: Page 1 of 0 containing UNKNOWN instances. Time taken: 3 ms
2026-02-12 00:08:12 INFO  c.e.d.a.a.LoggingServices [http-nio-8080-exec-7] - --> START method 'register' with arguments: [RegisterRequest(name=qwe, email=dimazak2704@gmail.com, password=123123123, card=null)]
2026-02-12 00:08:12 INFO  c.e.d.a.a.LoggingServices [http-nio-8080-exec-7] - --> START method 'sendSimpleMessage' with arguments: [dimazak2704@gmail.com, Підтвердження електронної пошти, Будь ласка, натисніть на посилання нижче, щоб активувати ваш акаунт:
http://localhost:5173/confirm-email?token=5786c323-3553-45b1-812f-3b80fdd70075]
2026-02-12 00:08:14 INFO  c.e.d.a.s.i.EmailService [http-nio-8080-exec-7] - Email sent to dimazak2704@gmail.com
2026-02-12 00:08:14 INFO  c.e.d.a.a.LoggingServices [http-nio-8080-exec-7] - <-- END method 'sendSimpleMessage'. Return: null. Time taken: 1465 ms
2026-02-12 00:08:14 INFO  c.e.d.a.a.LoggingServices [http-nio-8080-exec-7] - <-- END method 'register'. Return: AuthResponse(token=null, role=GUEST, name=null). Time taken: 1561 ms
2026-02-12 00:08:19 INFO  c.e.d.a.a.LoggingServices [http-nio-8080-exec-3] - --> START method 'confirmEmail' with arguments: [5786c323-3553-45b1-812f-3b80fdd70075]
2026-02-12 00:08:19 INFO  c.e.d.a.a.LoggingServices [http-nio-8080-exec-3] - <-- END method 'confirmEmail'. Return: null. Time taken: 6 ms
2026-02-12 00:08:36 INFO  o.s.b.t.GracefulShutdown [SpringApplicationShutdownHook] - Commencing graceful shutdown. Waiting for active requests to complete
2026-02-12 00:08:36 INFO  o.s.b.t.GracefulShutdown [tomcat-shutdown] - Graceful shutdown complete
2026-02-12 00:08:36 INFO  o.s.o.j.AbstractEntityManagerFactoryBean [SpringApplicationShutdownHook] - Closing JPA EntityManagerFactory for persistence unit 'default'
2026-02-12 00:08:36 INFO  c.z.h.HikariDataSource [SpringApplicationShutdownHook] - HikariPool-1 - Shutdown initiated...
2026-02-12 00:08:36 INFO  c.z.h.HikariDataSource [SpringApplicationShutdownHook] - HikariPool-1 - Shutdown completed.
