2026-02-08 00:18:28 INFO  o.s.b.StartupInfoLogger [main] - Starting ApplianceStoreApplication using Java 22.0.1 with PID 9736 (C:\Users\Dell\Desktop\study\epam\final-project\appliances\target\classes started by Dell in C:\Users\Dell\Desktop\study\epam\final-project\appliances)
2026-02-08 00:18:28 INFO  o.s.b.SpringApplication [main] - No active profile set, falling back to 1 default profile: "default"
2026-02-08 00:18:29 INFO  o.s.d.r.c.RepositoryConfigurationDelegate [main] - Bootstrapping Spring Data JPA repositories in DEFAULT mode.
2026-02-08 00:18:29 INFO  o.s.d.r.c.RepositoryConfigurationDelegate [main] - Finished Spring Data repository scanning in 90 ms. Found 6 JPA repository interfaces.
2026-02-08 00:18:30 INFO  o.s.b.t.TomcatWebServer [main] - Tomcat initialized with port 8080 (http)
2026-02-08 00:18:30 INFO  o.a.j.l.DirectJDKLog [main] - Starting service [Tomcat]
2026-02-08 00:18:30 INFO  o.a.j.l.DirectJDKLog [main] - Starting Servlet engine: [Apache Tomcat/11.0.15]
2026-02-08 00:18:30 INFO  o.s.b.w.c.s.WebApplicationContextInitializer [main] - Root WebApplicationContext: initialization completed in 2391 ms
2026-02-08 00:18:30 INFO  o.h.j.i.u.LogHelper [main] - HHH008540: Processing PersistenceUnitInfo [name: default]
2026-02-08 00:18:31 INFO  o.h.Version [main] - HHH000001: Hibernate ORM core version 7.2.1.Final
2026-02-08 00:18:31 INFO  o.s.o.j.p.SpringPersistenceUnitInfo [main] - No LoadTimeWeaver setup: ignoring JPA class transformer
2026-02-08 00:18:31 INFO  c.z.h.HikariDataSource [main] - HikariPool-1 - Starting...
2026-02-08 00:18:32 INFO  c.z.h.p.HikariPool [main] - HikariPool-1 - Added connection conn1: url=jdbc:h2:file:./data/appliances user=SA
2026-02-08 00:18:32 INFO  c.z.h.HikariDataSource [main] - HikariPool-1 - Start completed.
2026-02-08 00:18:32 WARN  o.h.e.j.d.i.DialectFactoryImpl [main] - HHH90000025: H2Dialect does not need to be specified explicitly using 'hibernate.dialect' (remove the property setting and it will be selected by default)
2026-02-08 00:18:32 INFO  o.h.e.j.e.i.JdbcEnvironmentInitiator [main] - HHH10001005: Database info:
	Database JDBC URL [jdbc:h2:file:./data/appliances]
	Database driver: H2 JDBC Driver
	Database dialect: H2Dialect
	Database version: 2.4.240
	Default catalog/schema: APPLIANCES/PUBLIC
	Autocommit mode: undefined/unknown
	Isolation level: READ_COMMITTED [default READ_COMMITTED]
	JDBC fetch size: 100
	Pool: DataSourceConnectionProvider
	Minimum pool size: undefined/unknown
	Maximum pool size: undefined/unknown
2026-02-08 00:18:34 INFO  o.h.e.t.j.p.i.JtaPlatformInitiator [main] - HHH000489: No JTA platform available (set 'hibernate.transaction.jta.platform' to enable JTA platform integration)
2026-02-08 00:18:34 INFO  o.s.o.j.AbstractEntityManagerFactoryBean [main] - Initialized JPA EntityManagerFactory for persistence unit 'default'
2026-02-08 00:18:34 INFO  o.s.d.j.r.q.QueryEnhancerFactories [main] - Hibernate is in classpath; If applicable, HQL parser will be used.
2026-02-08 00:18:34 INFO  o.s.s.c.a.a.c.InitializeAuthenticationProviderBeanManagerConfigurer$InitializeAuthenticationProviderManagerConfigurer [main] - Global AuthenticationManager configured with AuthenticationProvider bean with name authenticationProvider
2026-02-08 00:18:34 WARN  o.s.s.c.a.a.c.InitializeUserDetailsBeanManagerConfigurer$InitializeUserDetailsManagerConfigurer [main] - Global AuthenticationManager configured with an AuthenticationProvider bean. UserDetailsService beans will not be used by Spring Security for automatically configuring username/password login. Consider removing the AuthenticationProvider bean. Alternatively, consider using the UserDetailsService in a manually instantiated DaoAuthenticationProvider. If the current configuration is intentional, to turn off this warning, increase the logging level of 'org.springframework.security.config.annotation.authentication.configuration.InitializeUserDetailsBeanManagerConfigurer' to ERROR
2026-02-08 00:18:35 WARN  o.s.b.j.a.JpaBaseConfiguration$JpaWebConfiguration [main] - spring.jpa.open-in-view is enabled by default. Therefore, database queries may be performed during view rendering. Explicitly configure spring.jpa.open-in-view to disable this warning
2026-02-08 00:18:35 INFO  o.s.b.h.a.H2ConsoleAutoConfiguration$H2ConsoleLogger [main] - H2 console available at '/h2-console'. Database available at 'jdbc:h2:file:./data/appliances'
2026-02-08 00:18:35 INFO  o.s.b.t.TomcatWebServer [main] - Tomcat started on port 8080 (http) with context path '/'
2026-02-08 00:18:35 INFO  o.s.b.StartupInfoLogger [main] - Started ApplianceStoreApplication in 8.849 seconds (process running for 10.25)
2026-02-08 00:23:32 INFO  o.a.j.l.DirectJDKLog [http-nio-8080-exec-1] - Initializing Spring DispatcherServlet 'dispatcherServlet'
2026-02-08 00:23:32 INFO  o.s.w.s.FrameworkServlet [http-nio-8080-exec-1] - Initializing Servlet 'dispatcherServlet'
2026-02-08 00:23:32 INFO  o.s.w.s.FrameworkServlet [http-nio-8080-exec-1] - Completed initialization in 1 ms
2026-02-08 00:24:48 INFO  c.e.d.a.a.LoggingServices [http-nio-8080-exec-2] - --> START method 'registerWithGoogle' with arguments: [GoogleRegisterRequest(token=eyJhbGciOiJSUzI1NiIsImtpZCI6ImMyN2JhNDBiMDk1MjlhZDRmMTY4MjJjZTgzMTY3YzFiYzM5MTAxMjIiLCJ0eXAiOiJKV1QifQ.eyJpc3MiOiJodHRwczovL2FjY291bnRzLmdvb2dsZS5jb20iLCJhenAiOiI5ODE2MTQ0MzE3MDAtaDBibXQxNWE5c3M3ZWgwZThwMGpna3ZvMTQ3aDQzYm0uYXBwcy5nb29nbGV1c2VyY29udGVudC5jb20iLCJhdWQiOiI5ODE2MTQ0MzE3MDAtaDBibXQxNWE5c3M3ZWgwZThwMGpna3ZvMTQ3aDQzYm0uYXBwcy5nb29nbGV1c2VyY29udGVudC5jb20iLCJzdWIiOiIxMTY4MTA0OTIwNzk5Njc3NDE2OTUiLCJlbWFpbCI6ImRpbWF6YWsyNzA0QGdtYWlsLmNvbSIsImVtYWlsX3ZlcmlmaWVkIjp0cnVlLCJuYmYiOjE3NzA1MDI3ODQsIm5hbWUiOiLQlNC80LjRgtGA0L4g0JfQsNC60YPRiNC90Y_QuiIsInBpY3R1cmUiOiJodHRwczovL2xoMy5nb29nbGV1c2VyY29udGVudC5jb20vYS9BQ2c4b2NMRGVtR1RMLUVqWE1CblpjRFAwNk40VVlvWFdJdzlwSDlEOFYxMmdCSjNnd2dNUHk0amF3PXM5Ni1jIiwiZ2l2ZW5fbmFtZSI6ItCU0LzQuNGC0YDQviIsImZhbWlseV9uYW1lIjoi0JfQsNC60YPRiNC90Y_QuiIsImlhdCI6MTc3MDUwMzA4NCwiZXhwIjoxNzcwNTA2Njg0LCJqdGkiOiJmNmI0NDUzYmNhYzUwYzExNzM1ODIyNTk2ZTNiNGUxY2E1MmIwNzZjIn0.Idi6aXm-6Aj9mJuREpCLM5XjlOyYqyH5s6G01JqFd_pa229OxP9XvrJYMOLCw25UHSyY8ZDNp4yLxXLPUMPAZcp8d2rfXc449k7M6rYGr42wc2mQ2DBfgT0b4CRQ2CgB04CoWfAh2-HWblKZzC8yZzY62fL4dDZLA3zAgaCoFBAW55nGcrNr2yexQUBrqaHDNUR6ZIfUtUqy1AQPQi8oF9OMSeo39zsnJAiCHBo6oV3hNOm7eefX2W0-2eSZMXBWkVMyiBLjEKJm06CftLY2_283s7SIOziozMn7zWgF6Ja_XObcOleoayiZZ2a7Ez4BHD5uv3JMrIkwp5acL_H-Ng, password=123123123, card=null)]
2026-02-08 00:24:49 INFO  c.e.d.a.a.LoggingServices [http-nio-8080-exec-2] - <-- END method 'registerWithGoogle'. Return: AuthResponse(token=eyJhbGciOiJIUzI1NiJ9.eyJyb2xlIjoiQ0xJRU5UIiwic3ViIjoiZGltYXphazI3MDRAZ21haWwuY29tIiwiaWF0IjoxNzcwNTAzMDg5LCJleHAiOjE3NzA1ODk0ODl9.n6Yd4Wg5-JFav4VrOf_fcIOd7W8d3TCnysYJUjyslQA, role=CLIENT, name=Дмитро Закушняк). Time taken: 1674 ms
2026-02-08 00:28:51 INFO  o.s.b.t.GracefulShutdown [SpringApplicationShutdownHook] - Commencing graceful shutdown. Waiting for active requests to complete
2026-02-08 00:28:51 INFO  o.s.b.t.GracefulShutdown [tomcat-shutdown] - Graceful shutdown complete
2026-02-08 00:28:51 INFO  o.s.o.j.AbstractEntityManagerFactoryBean [SpringApplicationShutdownHook] - Closing JPA EntityManagerFactory for persistence unit 'default'
2026-02-08 00:28:51 INFO  c.z.h.HikariDataSource [SpringApplicationShutdownHook] - HikariPool-1 - Shutdown initiated...
2026-02-08 00:28:51 INFO  c.z.h.HikariDataSource [SpringApplicationShutdownHook] - HikariPool-1 - Shutdown completed.
2026-02-08 00:29:01 INFO  o.s.b.StartupInfoLogger [main] - Starting ApplianceStoreApplication using Java 22.0.1 with PID 12920 (C:\Users\Dell\Desktop\study\epam\final-project\appliances\target\classes started by Dell in C:\Users\Dell\Desktop\study\epam\final-project\appliances)
2026-02-08 00:29:01 INFO  o.s.b.SpringApplication [main] - No active profile set, falling back to 1 default profile: "default"
2026-02-08 00:29:02 INFO  o.s.d.r.c.RepositoryConfigurationDelegate [main] - Bootstrapping Spring Data JPA repositories in DEFAULT mode.
2026-02-08 00:29:02 INFO  o.s.d.r.c.RepositoryConfigurationDelegate [main] - Finished Spring Data repository scanning in 95 ms. Found 6 JPA repository interfaces.
2026-02-08 00:29:03 INFO  o.s.b.t.TomcatWebServer [main] - Tomcat initialized with port 8080 (http)
2026-02-08 00:29:03 INFO  o.a.j.l.DirectJDKLog [main] - Starting service [Tomcat]
2026-02-08 00:29:03 INFO  o.a.j.l.DirectJDKLog [main] - Starting Servlet engine: [Apache Tomcat/11.0.15]
2026-02-08 00:29:03 INFO  o.s.b.w.c.s.WebApplicationContextInitializer [main] - Root WebApplicationContext: initialization completed in 2008 ms
2026-02-08 00:29:03 INFO  o.h.j.i.u.LogHelper [main] - HHH008540: Processing PersistenceUnitInfo [name: default]
2026-02-08 00:29:03 INFO  o.h.Version [main] - HHH000001: Hibernate ORM core version 7.2.1.Final
2026-02-08 00:29:04 INFO  o.s.o.j.p.SpringPersistenceUnitInfo [main] - No LoadTimeWeaver setup: ignoring JPA class transformer
2026-02-08 00:29:04 INFO  c.z.h.HikariDataSource [main] - HikariPool-1 - Starting...
2026-02-08 00:29:04 INFO  c.z.h.p.HikariPool [main] - HikariPool-1 - Added connection conn1: url=jdbc:h2:file:./data/appliances user=SA
2026-02-08 00:29:04 INFO  c.z.h.HikariDataSource [main] - HikariPool-1 - Start completed.
2026-02-08 00:29:04 WARN  o.h.e.j.d.i.DialectFactoryImpl [main] - HHH90000025: H2Dialect does not need to be specified explicitly using 'hibernate.dialect' (remove the property setting and it will be selected by default)
2026-02-08 00:29:04 INFO  o.h.e.j.e.i.JdbcEnvironmentInitiator [main] - HHH10001005: Database info:
	Database JDBC URL [jdbc:h2:file:./data/appliances]
	Database driver: H2 JDBC Driver
	Database dialect: H2Dialect
	Database version: 2.4.240
	Default catalog/schema: APPLIANCES/PUBLIC
	Autocommit mode: undefined/unknown
	Isolation level: READ_COMMITTED [default READ_COMMITTED]
	JDBC fetch size: 100
	Pool: DataSourceConnectionProvider
	Minimum pool size: undefined/unknown
	Maximum pool size: undefined/unknown
2026-02-08 00:29:06 INFO  o.h.e.t.j.p.i.JtaPlatformInitiator [main] - HHH000489: No JTA platform available (set 'hibernate.transaction.jta.platform' to enable JTA platform integration)
2026-02-08 00:29:06 INFO  o.s.o.j.AbstractEntityManagerFactoryBean [main] - Initialized JPA EntityManagerFactory for persistence unit 'default'
2026-02-08 00:29:06 INFO  o.s.d.j.r.q.QueryEnhancerFactories [main] - Hibernate is in classpath; If applicable, HQL parser will be used.
2026-02-08 00:29:07 INFO  o.s.s.c.a.a.c.InitializeAuthenticationProviderBeanManagerConfigurer$InitializeAuthenticationProviderManagerConfigurer [main] - Global AuthenticationManager configured with AuthenticationProvider bean with name authenticationProvider
2026-02-08 00:29:07 WARN  o.s.s.c.a.a.c.InitializeUserDetailsBeanManagerConfigurer$InitializeUserDetailsManagerConfigurer [main] - Global AuthenticationManager configured with an AuthenticationProvider bean. UserDetailsService beans will not be used by Spring Security for automatically configuring username/password login. Consider removing the AuthenticationProvider bean. Alternatively, consider using the UserDetailsService in a manually instantiated DaoAuthenticationProvider. If the current configuration is intentional, to turn off this warning, increase the logging level of 'org.springframework.security.config.annotation.authentication.configuration.InitializeUserDetailsBeanManagerConfigurer' to ERROR
2026-02-08 00:29:07 WARN  o.s.b.j.a.JpaBaseConfiguration$JpaWebConfiguration [main] - spring.jpa.open-in-view is enabled by default. Therefore, database queries may be performed during view rendering. Explicitly configure spring.jpa.open-in-view to disable this warning
2026-02-08 00:29:07 INFO  o.s.b.h.a.H2ConsoleAutoConfiguration$H2ConsoleLogger [main] - H2 console available at '/h2-console'. Database available at 'jdbc:h2:file:./data/appliances'
2026-02-08 00:29:07 INFO  o.s.b.t.TomcatWebServer [main] - Tomcat started on port 8080 (http) with context path '/'
2026-02-08 00:29:08 INFO  o.s.b.StartupInfoLogger [main] - Started ApplianceStoreApplication in 7.278 seconds (process running for 8.318)
2026-02-08 00:29:17 INFO  o.a.j.l.DirectJDKLog [http-nio-8080-exec-1] - Initializing Spring DispatcherServlet 'dispatcherServlet'
2026-02-08 00:29:17 INFO  o.s.w.s.FrameworkServlet [http-nio-8080-exec-1] - Initializing Servlet 'dispatcherServlet'
2026-02-08 00:29:17 INFO  o.s.w.s.FrameworkServlet [http-nio-8080-exec-1] - Completed initialization in 1 ms
2026-02-08 00:29:17 INFO  c.e.d.a.a.LoggingServices [http-nio-8080-exec-1] - --> START method 'getAppliancesByFilter' with arguments: [ApplianceFilterDto(categoryId=null, manufacturerId=null, name=null, minPrice=null, maxPrice=null), Page request [number: 0, size 12, sort: id: DESC]]
2026-02-08 00:29:18 INFO  c.e.d.a.a.LoggingServices [http-nio-8080-exec-1] - <-- END method 'getAppliancesByFilter'. Return: Page 1 of 2 containing com.epam.dimazak.appliances.model.dto.appliance.ApplianceDto instances. Time taken: 295 ms
2026-02-08 00:29:18 WARN  o.s.d.w.c.SpringDataJackson3Configuration$PageModule$WarningLoggingModifier [http-nio-8080-exec-1] - Serializing PageImpl instances as-is is not supported, meaning that there is no guarantee about the stability of the resulting JSON structure!
	For a stable JSON structure, please use Spring Data's PagedModel (globally via @EnableSpringDataWebSupport(pageSerializationMode = VIA_DTO))
	or Spring HATEOAS and Spring Data's PagedResourcesAssembler as documented in https://docs.spring.io/spring-data/commons/reference/repositories/core-extensions.html#core.web.pageables.

2026-02-08 00:29:35 INFO  c.e.d.a.a.LoggingServices [http-nio-8080-exec-2] - --> START method 'getAppliancesByFilter' with arguments: [ApplianceFilterDto(categoryId=null, manufacturerId=null, name=null, minPrice=null, maxPrice=null), Page request [number: 1, size 12, sort: id: DESC]]
2026-02-08 00:29:35 INFO  c.e.d.a.a.LoggingServices [http-nio-8080-exec-2] - <-- END method 'getAppliancesByFilter'. Return: Page 2 of 2 containing com.epam.dimazak.appliances.model.dto.appliance.ApplianceDto instances. Time taken: 8 ms
2026-02-08 00:29:37 INFO  c.e.d.a.a.LoggingServices [http-nio-8080-exec-3] - --> START method 'getAppliancesByFilter' with arguments: [ApplianceFilterDto(categoryId=null, manufacturerId=null, name=null, minPrice=null, maxPrice=null), Page request [number: 0, size 12, sort: id: DESC]]
2026-02-08 00:29:37 INFO  c.e.d.a.a.LoggingServices [http-nio-8080-exec-3] - <-- END method 'getAppliancesByFilter'. Return: Page 1 of 2 containing com.epam.dimazak.appliances.model.dto.appliance.ApplianceDto instances. Time taken: 19 ms
2026-02-08 00:29:46 INFO  c.e.d.a.a.LoggingServices [http-nio-8080-exec-7] - --> START method 'getAppliancesByFilter' with arguments: [ApplianceFilterDto(categoryId=1, manufacturerId=null, name=null, minPrice=null, maxPrice=null), Page request [number: 0, size 12, sort: id: DESC]]
2026-02-08 00:29:46 INFO  c.e.d.a.a.LoggingServices [http-nio-8080-exec-7] - <-- END method 'getAppliancesByFilter'. Return: Page 1 of 1 containing com.epam.dimazak.appliances.model.dto.appliance.ApplianceDto instances. Time taken: 26 ms
2026-02-08 00:29:47 INFO  c.e.d.a.a.LoggingServices [http-nio-8080-exec-8] - --> START method 'getAppliancesByFilter' with arguments: [ApplianceFilterDto(categoryId=2, manufacturerId=null, name=null, minPrice=null, maxPrice=null), Page request [number: 0, size 12, sort: id: DESC]]
2026-02-08 00:29:47 INFO  c.e.d.a.a.LoggingServices [http-nio-8080-exec-8] - <-- END method 'getAppliancesByFilter'. Return: Page 1 of 1 containing com.epam.dimazak.appliances.model.dto.appliance.ApplianceDto instances. Time taken: 6 ms
2026-02-08 00:29:48 INFO  c.e.d.a.a.LoggingServices [http-nio-8080-exec-10] - --> START method 'getAppliancesByFilter' with arguments: [ApplianceFilterDto(categoryId=3, manufacturerId=null, name=null, minPrice=null, maxPrice=null), Page request [number: 0, size 12, sort: id: DESC]]
2026-02-08 00:29:48 INFO  c.e.d.a.a.LoggingServices [http-nio-8080-exec-10] - <-- END method 'getAppliancesByFilter'. Return: Page 1 of 1 containing com.epam.dimazak.appliances.model.dto.appliance.ApplianceDto instances. Time taken: 4 ms
2026-02-08 00:29:49 INFO  c.e.d.a.a.LoggingServices [http-nio-8080-exec-4] - --> START method 'getAppliancesByFilter' with arguments: [ApplianceFilterDto(categoryId=4, manufacturerId=null, name=null, minPrice=null, maxPrice=null), Page request [number: 0, size 12, sort: id: DESC]]
2026-02-08 00:29:49 INFO  c.e.d.a.a.LoggingServices [http-nio-8080-exec-4] - <-- END method 'getAppliancesByFilter'. Return: Page 1 of 1 containing com.epam.dimazak.appliances.model.dto.appliance.ApplianceDto instances. Time taken: 5 ms
2026-02-08 00:29:50 INFO  c.e.d.a.a.LoggingServices [http-nio-8080-exec-5] - --> START method 'getAppliancesByFilter' with arguments: [ApplianceFilterDto(categoryId=5, manufacturerId=null, name=null, minPrice=null, maxPrice=null), Page request [number: 0, size 12, sort: id: DESC]]
2026-02-08 00:29:50 INFO  c.e.d.a.a.LoggingServices [http-nio-8080-exec-5] - <-- END method 'getAppliancesByFilter'. Return: Page 1 of 1 containing com.epam.dimazak.appliances.model.dto.appliance.ApplianceDto instances. Time taken: 4 ms
2026-02-08 00:29:57 INFO  c.e.d.a.a.LoggingServices [http-nio-8080-exec-9] - --> START method 'getAppliancesByFilter' with arguments: [ApplianceFilterDto(categoryId=6, manufacturerId=null, name=null, minPrice=null, maxPrice=null), Page request [number: 0, size 12, sort: id: DESC]]
2026-02-08 00:29:57 INFO  c.e.d.a.a.LoggingServices [http-nio-8080-exec-9] - <-- END method 'getAppliancesByFilter'. Return: Page 1 of 1 containing com.epam.dimazak.appliances.model.dto.appliance.ApplianceDto instances. Time taken: 4 ms
2026-02-08 00:30:11 INFO  c.e.d.a.a.LoggingServices [http-nio-8080-exec-6] - --> START method 'getAppliancesByFilter' with arguments: [ApplianceFilterDto(categoryId=6, manufacturerId=null, name=null, minPrice=5, maxPrice=15000), Page request [number: 0, size 12, sort: id: DESC]]
2026-02-08 00:30:11 INFO  c.e.d.a.a.LoggingServices [http-nio-8080-exec-6] - <-- END method 'getAppliancesByFilter'. Return: Page 1 of 1 containing com.epam.dimazak.appliances.model.dto.appliance.ApplianceDto instances. Time taken: 5 ms
2026-02-08 00:30:13 INFO  c.e.d.a.a.LoggingServices [http-nio-8080-exec-1] - --> START method 'getAppliancesByFilter' with arguments: [ApplianceFilterDto(categoryId=null, manufacturerId=null, name=null, minPrice=5, maxPrice=15000), Page request [number: 0, size 12, sort: id: DESC]]
2026-02-08 00:30:13 INFO  c.e.d.a.a.LoggingServices [http-nio-8080-exec-1] - <-- END method 'getAppliancesByFilter'. Return: Page 1 of 1 containing com.epam.dimazak.appliances.model.dto.appliance.ApplianceDto instances. Time taken: 5 ms
2026-02-08 00:30:22 INFO  c.e.d.a.a.LoggingServices [http-nio-8080-exec-2] - --> START method 'getAppliancesByFilter' with arguments: [ApplianceFilterDto(categoryId=3, manufacturerId=null, name=null, minPrice=5, maxPrice=15000), Page request [number: 0, size 12, sort: id: DESC]]
2026-02-08 00:30:22 INFO  c.e.d.a.a.LoggingServices [http-nio-8080-exec-2] - <-- END method 'getAppliancesByFilter'. Return: Page 1 of 0 containing UNKNOWN instances. Time taken: 3 ms
2026-02-08 00:30:23 INFO  c.e.d.a.a.LoggingServices [http-nio-8080-exec-3] - --> START method 'getAppliancesByFilter' with arguments: [ApplianceFilterDto(categoryId=2, manufacturerId=null, name=null, minPrice=5, maxPrice=15000), Page request [number: 0, size 12, sort: id: DESC]]
2026-02-08 00:30:23 INFO  c.e.d.a.a.LoggingServices [http-nio-8080-exec-3] - <-- END method 'getAppliancesByFilter'. Return: Page 1 of 0 containing UNKNOWN instances. Time taken: 3 ms
2026-02-08 00:30:23 INFO  c.e.d.a.a.LoggingServices [http-nio-8080-exec-7] - --> START method 'getAppliancesByFilter' with arguments: [ApplianceFilterDto(categoryId=1, manufacturerId=null, name=null, minPrice=5, maxPrice=15000), Page request [number: 0, size 12, sort: id: DESC]]
2026-02-08 00:30:23 INFO  c.e.d.a.a.LoggingServices [http-nio-8080-exec-7] - <-- END method 'getAppliancesByFilter'. Return: Page 1 of 0 containing UNKNOWN instances. Time taken: 5 ms
2026-02-08 00:30:25 INFO  c.e.d.a.a.LoggingServices [http-nio-8080-exec-8] - --> START method 'getAppliancesByFilter' with arguments: [ApplianceFilterDto(categoryId=3, manufacturerId=null, name=null, minPrice=5, maxPrice=15000), Page request [number: 0, size 12, sort: id: DESC]]
2026-02-08 00:30:25 INFO  c.e.d.a.a.LoggingServices [http-nio-8080-exec-8] - <-- END method 'getAppliancesByFilter'. Return: Page 1 of 0 containing UNKNOWN instances. Time taken: 3 ms
2026-02-08 00:30:25 INFO  c.e.d.a.a.LoggingServices [http-nio-8080-exec-10] - --> START method 'getAppliancesByFilter' with arguments: [ApplianceFilterDto(categoryId=4, manufacturerId=null, name=null, minPrice=5, maxPrice=15000), Page request [number: 0, size 12, sort: id: DESC]]
2026-02-08 00:30:25 INFO  c.e.d.a.a.LoggingServices [http-nio-8080-exec-10] - <-- END method 'getAppliancesByFilter'. Return: Page 1 of 1 containing com.epam.dimazak.appliances.model.dto.appliance.ApplianceDto instances. Time taken: 4 ms
2026-02-08 00:30:25 INFO  c.e.d.a.a.LoggingServices [http-nio-8080-exec-4] - --> START method 'getAppliancesByFilter' with arguments: [ApplianceFilterDto(categoryId=5, manufacturerId=null, name=null, minPrice=5, maxPrice=15000), Page request [number: 0, size 12, sort: id: DESC]]
2026-02-08 00:30:25 INFO  c.e.d.a.a.LoggingServices [http-nio-8080-exec-4] - <-- END method 'getAppliancesByFilter'. Return: Page 1 of 0 containing UNKNOWN instances. Time taken: 5 ms
2026-02-08 00:30:26 INFO  c.e.d.a.a.LoggingServices [http-nio-8080-exec-5] - --> START method 'getAppliancesByFilter' with arguments: [ApplianceFilterDto(categoryId=4, manufacturerId=null, name=null, minPrice=5, maxPrice=15000), Page request [number: 0, size 12, sort: id: DESC]]
2026-02-08 00:30:26 INFO  c.e.d.a.a.LoggingServices [http-nio-8080-exec-5] - <-- END method 'getAppliancesByFilter'. Return: Page 1 of 1 containing com.epam.dimazak.appliances.model.dto.appliance.ApplianceDto instances. Time taken: 4 ms
2026-02-08 00:30:27 INFO  c.e.d.a.a.LoggingServices [http-nio-8080-exec-9] - --> START method 'getAppliancesByFilter' with arguments: [ApplianceFilterDto(categoryId=6, manufacturerId=null, name=null, minPrice=5, maxPrice=15000), Page request [number: 0, size 12, sort: id: DESC]]
2026-02-08 00:30:27 INFO  c.e.d.a.a.LoggingServices [http-nio-8080-exec-9] - <-- END method 'getAppliancesByFilter'. Return: Page 1 of 1 containing com.epam.dimazak.appliances.model.dto.appliance.ApplianceDto instances. Time taken: 7 ms
2026-02-08 00:30:29 INFO  c.e.d.a.a.LoggingServices [http-nio-8080-exec-6] - --> START method 'getAppliancesByFilter' with arguments: [ApplianceFilterDto(categoryId=6, manufacturerId=1, name=null, minPrice=5, maxPrice=15000), Page request [number: 0, size 12, sort: id: DESC]]
2026-02-08 00:30:30 INFO  c.e.d.a.a.LoggingServices [http-nio-8080-exec-6] - <-- END method 'getAppliancesByFilter'. Return: Page 1 of 0 containing UNKNOWN instances. Time taken: 5 ms
2026-02-08 00:30:30 INFO  c.e.d.a.a.LoggingServices [http-nio-8080-exec-1] - --> START method 'getAppliancesByFilter' with arguments: [ApplianceFilterDto(categoryId=6, manufacturerId=2, name=null, minPrice=5, maxPrice=15000), Page request [number: 0, size 12, sort: id: DESC]]
2026-02-08 00:30:30 INFO  c.e.d.a.a.LoggingServices [http-nio-8080-exec-1] - <-- END method 'getAppliancesByFilter'. Return: Page 1 of 0 containing UNKNOWN instances. Time taken: 2 ms
2026-02-08 00:30:32 INFO  c.e.d.a.a.LoggingServices [http-nio-8080-exec-2] - --> START method 'getAppliancesByFilter' with arguments: [ApplianceFilterDto(categoryId=null, manufacturerId=null, name=null, minPrice=null, maxPrice=null), Page request [number: 0, size 12, sort: id: DESC]]
2026-02-08 00:30:32 INFO  c.e.d.a.a.LoggingServices [http-nio-8080-exec-2] - <-- END method 'getAppliancesByFilter'. Return: Page 1 of 2 containing com.epam.dimazak.appliances.model.dto.appliance.ApplianceDto instances. Time taken: 18 ms
2026-02-08 00:30:36 INFO  c.e.d.a.a.LoggingServices [http-nio-8080-exec-3] - --> START method 'getAppliancesByFilter' with arguments: [ApplianceFilterDto(categoryId=null, manufacturerId=null, name=null, minPrice=null, maxPrice=15555), Page request [number: 0, size 12, sort: id: DESC]]
2026-02-08 00:30:36 INFO  c.e.d.a.a.LoggingServices [http-nio-8080-exec-3] - <-- END method 'getAppliancesByFilter'. Return: Page 1 of 1 containing com.epam.dimazak.appliances.model.dto.appliance.ApplianceDto instances. Time taken: 8 ms
2026-02-08 00:30:43 INFO  c.e.d.a.a.LoggingServices [http-nio-8080-exec-7] - --> START method 'getAppliancesByFilter' with arguments: [ApplianceFilterDto(categoryId=null, manufacturerId=null, name=null, minPrice=null, maxPrice=25000), Page request [number: 0, size 12, sort: id: DESC]]
2026-02-08 00:30:43 INFO  c.e.d.a.a.LoggingServices [http-nio-8080-exec-7] - <-- END method 'getAppliancesByFilter'. Return: Page 1 of 1 containing com.epam.dimazak.appliances.model.dto.appliance.ApplianceDto instances. Time taken: 10 ms
2026-02-08 00:30:48 INFO  c.e.d.a.a.LoggingServices [http-nio-8080-exec-8] - --> START method 'getAppliancesByFilter' with arguments: [ApplianceFilterDto(categoryId=null, manufacturerId=4, name=null, minPrice=null, maxPrice=25000), Page request [number: 0, size 12, sort: id: DESC]]
2026-02-08 00:30:48 INFO  c.e.d.a.a.LoggingServices [http-nio-8080-exec-8] - <-- END method 'getAppliancesByFilter'. Return: Page 1 of 0 containing UNKNOWN instances. Time taken: 3 ms
2026-02-08 00:30:49 INFO  c.e.d.a.a.LoggingServices [http-nio-8080-exec-10] - --> START method 'getAppliancesByFilter' with arguments: [ApplianceFilterDto(categoryId=null, manufacturerId=5, name=null, minPrice=null, maxPrice=25000), Page request [number: 0, size 12, sort: id: DESC]]
2026-02-08 00:30:49 INFO  c.e.d.a.a.LoggingServices [http-nio-8080-exec-10] - <-- END method 'getAppliancesByFilter'. Return: Page 1 of 0 containing UNKNOWN instances. Time taken: 2 ms
2026-02-08 00:30:50 INFO  c.e.d.a.a.LoggingServices [http-nio-8080-exec-4] - --> START method 'getAppliancesByFilter' with arguments: [ApplianceFilterDto(categoryId=null, manufacturerId=4, name=null, minPrice=null, maxPrice=25000), Page request [number: 0, size 12, sort: id: DESC]]
2026-02-08 00:30:50 INFO  c.e.d.a.a.LoggingServices [http-nio-8080-exec-4] - <-- END method 'getAppliancesByFilter'. Return: Page 1 of 0 containing UNKNOWN instances. Time taken: 3 ms
2026-02-08 00:30:50 INFO  c.e.d.a.a.LoggingServices [http-nio-8080-exec-5] - --> START method 'getAppliancesByFilter' with arguments: [ApplianceFilterDto(categoryId=null, manufacturerId=3, name=null, minPrice=null, maxPrice=25000), Page request [number: 0, size 12, sort: id: DESC]]
2026-02-08 00:30:50 INFO  c.e.d.a.a.LoggingServices [http-nio-8080-exec-5] - <-- END method 'getAppliancesByFilter'. Return: Page 1 of 0 containing UNKNOWN instances. Time taken: 2 ms
2026-02-08 00:30:50 INFO  c.e.d.a.a.LoggingServices [http-nio-8080-exec-9] - --> START method 'getAppliancesByFilter' with arguments: [ApplianceFilterDto(categoryId=null, manufacturerId=5, name=null, minPrice=null, maxPrice=25000), Page request [number: 0, size 12, sort: id: DESC]]
2026-02-08 00:30:50 INFO  c.e.d.a.a.LoggingServices [http-nio-8080-exec-9] - <-- END method 'getAppliancesByFilter'. Return: Page 1 of 0 containing UNKNOWN instances. Time taken: 3 ms
2026-02-08 00:30:51 INFO  c.e.d.a.a.LoggingServices [http-nio-8080-exec-6] - --> START method 'getAppliancesByFilter' with arguments: [ApplianceFilterDto(categoryId=null, manufacturerId=3, name=null, minPrice=null, maxPrice=25000), Page request [number: 0, size 12, sort: id: DESC]]
2026-02-08 00:30:51 INFO  c.e.d.a.a.LoggingServices [http-nio-8080-exec-6] - <-- END method 'getAppliancesByFilter'. Return: Page 1 of 0 containing UNKNOWN instances. Time taken: 2 ms
2026-02-08 00:30:52 INFO  c.e.d.a.a.LoggingServices [http-nio-8080-exec-1] - --> START method 'getAppliancesByFilter' with arguments: [ApplianceFilterDto(categoryId=null, manufacturerId=2, name=null, minPrice=null, maxPrice=25000), Page request [number: 0, size 12, sort: id: DESC]]
2026-02-08 00:30:52 INFO  c.e.d.a.a.LoggingServices [http-nio-8080-exec-1] - <-- END method 'getAppliancesByFilter'. Return: Page 1 of 1 containing com.epam.dimazak.appliances.model.dto.appliance.ApplianceDto instances. Time taken: 1 ms
2026-02-08 00:30:53 INFO  c.e.d.a.a.LoggingServices [http-nio-8080-exec-2] - --> START method 'getAppliancesByFilter' with arguments: [ApplianceFilterDto(categoryId=null, manufacturerId=1, name=null, minPrice=null, maxPrice=25000), Page request [number: 0, size 12, sort: id: DESC]]
2026-02-08 00:30:53 INFO  c.e.d.a.a.LoggingServices [http-nio-8080-exec-2] - <-- END method 'getAppliancesByFilter'. Return: Page 1 of 0 containing UNKNOWN instances. Time taken: 3 ms
2026-02-08 00:30:54 INFO  c.e.d.a.a.LoggingServices [http-nio-8080-exec-3] - --> START method 'getAppliancesByFilter' with arguments: [ApplianceFilterDto(categoryId=null, manufacturerId=7, name=null, minPrice=null, maxPrice=25000), Page request [number: 0, size 12, sort: id: DESC]]
2026-02-08 00:30:54 INFO  c.e.d.a.a.LoggingServices [http-nio-8080-exec-3] - <-- END method 'getAppliancesByFilter'. Return: Page 1 of 1 containing com.epam.dimazak.appliances.model.dto.appliance.ApplianceDto instances. Time taken: 5 ms
2026-02-08 00:30:56 INFO  c.e.d.a.a.LoggingServices [http-nio-8080-exec-7] - --> START method 'getAppliancesByFilter' with arguments: [ApplianceFilterDto(categoryId=null, manufacturerId=6, name=null, minPrice=null, maxPrice=25000), Page request [number: 0, size 12, sort: id: DESC]]
2026-02-08 00:30:56 INFO  c.e.d.a.a.LoggingServices [http-nio-8080-exec-7] - <-- END method 'getAppliancesByFilter'. Return: Page 1 of 0 containing UNKNOWN instances. Time taken: 3 ms
2026-02-08 00:30:56 INFO  c.e.d.a.a.LoggingServices [http-nio-8080-exec-8] - --> START method 'getAppliancesByFilter' with arguments: [ApplianceFilterDto(categoryId=null, manufacturerId=7, name=null, minPrice=null, maxPrice=25000), Page request [number: 0, size 12, sort: id: DESC]]
2026-02-08 00:30:56 INFO  c.e.d.a.a.LoggingServices [http-nio-8080-exec-8] - <-- END method 'getAppliancesByFilter'. Return: Page 1 of 1 containing com.epam.dimazak.appliances.model.dto.appliance.ApplianceDto instances. Time taken: 3 ms
2026-02-08 00:30:58 INFO  c.e.d.a.a.LoggingServices [http-nio-8080-exec-10] - --> START method 'getAppliancesByFilter' with arguments: [ApplianceFilterDto(categoryId=null, manufacturerId=null, name=null, minPrice=null, maxPrice=25000), Page request [number: 0, size 12, sort: id: DESC]]
2026-02-08 00:30:58 INFO  c.e.d.a.a.LoggingServices [http-nio-8080-exec-10] - <-- END method 'getAppliancesByFilter'. Return: Page 1 of 1 containing com.epam.dimazak.appliances.model.dto.appliance.ApplianceDto instances. Time taken: 9 ms
2026-02-08 00:30:58 INFO  c.e.d.a.a.LoggingServices [http-nio-8080-exec-4] - --> START method 'getAppliancesByFilter' with arguments: [ApplianceFilterDto(categoryId=null, manufacturerId=6, name=null, minPrice=null, maxPrice=25000), Page request [number: 0, size 12, sort: id: DESC]]
2026-02-08 00:30:58 INFO  c.e.d.a.a.LoggingServices [http-nio-8080-exec-4] - <-- END method 'getAppliancesByFilter'. Return: Page 1 of 0 containing UNKNOWN instances. Time taken: 2 ms
2026-02-08 00:30:59 INFO  c.e.d.a.a.LoggingServices [http-nio-8080-exec-5] - --> START method 'getAppliancesByFilter' with arguments: [ApplianceFilterDto(categoryId=null, manufacturerId=7, name=null, minPrice=null, maxPrice=25000), Page request [number: 0, size 12, sort: id: DESC]]
2026-02-08 00:30:59 INFO  c.e.d.a.a.LoggingServices [http-nio-8080-exec-5] - <-- END method 'getAppliancesByFilter'. Return: Page 1 of 1 containing com.epam.dimazak.appliances.model.dto.appliance.ApplianceDto instances. Time taken: 5 ms
2026-02-08 00:31:00 INFO  c.e.d.a.a.LoggingServices [http-nio-8080-exec-9] - --> START method 'getAppliancesByFilter' with arguments: [ApplianceFilterDto(categoryId=null, manufacturerId=5, name=null, minPrice=null, maxPrice=25000), Page request [number: 0, size 12, sort: id: DESC]]
2026-02-08 00:31:00 INFO  c.e.d.a.a.LoggingServices [http-nio-8080-exec-9] - <-- END method 'getAppliancesByFilter'. Return: Page 1 of 0 containing UNKNOWN instances. Time taken: 4 ms
2026-02-08 00:31:00 INFO  c.e.d.a.a.LoggingServices [http-nio-8080-exec-6] - --> START method 'getAppliancesByFilter' with arguments: [ApplianceFilterDto(categoryId=null, manufacturerId=4, name=null, minPrice=null, maxPrice=25000), Page request [number: 0, size 12, sort: id: DESC]]
2026-02-08 00:31:00 INFO  c.e.d.a.a.LoggingServices [http-nio-8080-exec-6] - <-- END method 'getAppliancesByFilter'. Return: Page 1 of 0 containing UNKNOWN instances. Time taken: 3 ms
2026-02-08 00:31:01 INFO  c.e.d.a.a.LoggingServices [http-nio-8080-exec-1] - --> START method 'getAppliancesByFilter' with arguments: [ApplianceFilterDto(categoryId=null, manufacturerId=3, name=null, minPrice=null, maxPrice=25000), Page request [number: 0, size 12, sort: id: DESC]]
2026-02-08 00:31:01 INFO  c.e.d.a.a.LoggingServices [http-nio-8080-exec-1] - <-- END method 'getAppliancesByFilter'. Return: Page 1 of 0 containing UNKNOWN instances. Time taken: 3 ms
2026-02-08 00:31:02 INFO  c.e.d.a.a.LoggingServices [http-nio-8080-exec-2] - --> START method 'getAppliancesByFilter' with arguments: [ApplianceFilterDto(categoryId=null, manufacturerId=2, name=null, minPrice=null, maxPrice=25000), Page request [number: 0, size 12, sort: id: DESC]]
2026-02-08 00:31:02 INFO  c.e.d.a.a.LoggingServices [http-nio-8080-exec-2] - <-- END method 'getAppliancesByFilter'. Return: Page 1 of 1 containing com.epam.dimazak.appliances.model.dto.appliance.ApplianceDto instances. Time taken: 3 ms
2026-02-08 00:31:04 INFO  c.e.d.a.a.LoggingServices [http-nio-8080-exec-3] - --> START method 'getAppliancesByFilter' with arguments: [ApplianceFilterDto(categoryId=null, manufacturerId=null, name=null, minPrice=null, maxPrice=null), Page request [number: 0, size 12, sort: id: DESC]]
2026-02-08 00:31:04 INFO  c.e.d.a.a.LoggingServices [http-nio-8080-exec-3] - <-- END method 'getAppliancesByFilter'. Return: Page 1 of 2 containing com.epam.dimazak.appliances.model.dto.appliance.ApplianceDto instances. Time taken: 15 ms
2026-02-08 00:31:07 INFO  c.e.d.a.a.LoggingServices [http-nio-8080-exec-7] - --> START method 'getAppliancesByFilter' with arguments: [ApplianceFilterDto(categoryId=null, manufacturerId=7, name=null, minPrice=null, maxPrice=null), Page request [number: 0, size 12, sort: id: DESC]]
2026-02-08 00:31:07 INFO  c.e.d.a.a.LoggingServices [http-nio-8080-exec-7] - <-- END method 'getAppliancesByFilter'. Return: Page 1 of 1 containing com.epam.dimazak.appliances.model.dto.appliance.ApplianceDto instances. Time taken: 12 ms
2026-02-08 00:31:10 INFO  c.e.d.a.a.LoggingServices [http-nio-8080-exec-8] - --> START method 'getAppliancesByFilter' with arguments: [ApplianceFilterDto(categoryId=null, manufacturerId=5, name=null, minPrice=null, maxPrice=null), Page request [number: 0, size 12, sort: id: DESC]]
2026-02-08 00:31:10 INFO  c.e.d.a.a.LoggingServices [http-nio-8080-exec-8] - <-- END method 'getAppliancesByFilter'. Return: Page 1 of 1 containing com.epam.dimazak.appliances.model.dto.appliance.ApplianceDto instances. Time taken: 5 ms
2026-02-08 00:31:10 INFO  c.e.d.a.a.LoggingServices [http-nio-8080-exec-10] - --> START method 'getAppliancesByFilter' with arguments: [ApplianceFilterDto(categoryId=null, manufacturerId=6, name=null, minPrice=null, maxPrice=null), Page request [number: 0, size 12, sort: id: DESC]]
2026-02-08 00:31:10 INFO  c.e.d.a.a.LoggingServices [http-nio-8080-exec-10] - <-- END method 'getAppliancesByFilter'. Return: Page 1 of 0 containing UNKNOWN instances. Time taken: 3 ms
2026-02-08 00:31:11 INFO  c.e.d.a.a.LoggingServices [http-nio-8080-exec-4] - --> START method 'getAppliancesByFilter' with arguments: [ApplianceFilterDto(categoryId=null, manufacturerId=4, name=null, minPrice=null, maxPrice=null), Page request [number: 0, size 12, sort: id: DESC]]
2026-02-08 00:31:11 INFO  c.e.d.a.a.LoggingServices [http-nio-8080-exec-4] - <-- END method 'getAppliancesByFilter'. Return: Page 1 of 1 containing com.epam.dimazak.appliances.model.dto.appliance.ApplianceDto instances. Time taken: 2 ms
2026-02-08 00:31:13 INFO  c.e.d.a.a.LoggingServices [http-nio-8080-exec-5] - --> START method 'getAppliancesByFilter' with arguments: [ApplianceFilterDto(categoryId=null, manufacturerId=3, name=null, minPrice=null, maxPrice=null), Page request [number: 0, size 12, sort: id: DESC]]
2026-02-08 00:31:13 INFO  c.e.d.a.a.LoggingServices [http-nio-8080-exec-5] - <-- END method 'getAppliancesByFilter'. Return: Page 1 of 1 containing com.epam.dimazak.appliances.model.dto.appliance.ApplianceDto instances. Time taken: 3 ms
2026-02-08 00:31:14 INFO  c.e.d.a.a.LoggingServices [http-nio-8080-exec-9] - --> START method 'getAppliancesByFilter' with arguments: [ApplianceFilterDto(categoryId=null, manufacturerId=2, name=null, minPrice=null, maxPrice=null), Page request [number: 0, size 12, sort: id: DESC]]
2026-02-08 00:31:14 INFO  c.e.d.a.a.LoggingServices [http-nio-8080-exec-9] - <-- END method 'getAppliancesByFilter'. Return: Page 1 of 1 containing com.epam.dimazak.appliances.model.dto.appliance.ApplianceDto instances. Time taken: 4 ms
2026-02-08 00:31:14 INFO  c.e.d.a.a.LoggingServices [http-nio-8080-exec-6] - --> START method 'getAppliancesByFilter' with arguments: [ApplianceFilterDto(categoryId=null, manufacturerId=1, name=null, minPrice=null, maxPrice=null), Page request [number: 0, size 12, sort: id: DESC]]
2026-02-08 00:31:14 INFO  c.e.d.a.a.LoggingServices [http-nio-8080-exec-6] - <-- END method 'getAppliancesByFilter'. Return: Page 1 of 1 containing com.epam.dimazak.appliances.model.dto.appliance.ApplianceDto instances. Time taken: 4 ms
2026-02-08 00:31:17 INFO  c.e.d.a.a.LoggingServices [http-nio-8080-exec-1] - --> START method 'getAppliancesByFilter' with arguments: [ApplianceFilterDto(categoryId=null, manufacturerId=1, name=null, minPrice=null, maxPrice=null), Page request [number: 0, size 12, sort: price: DESC]]
2026-02-08 00:31:17 INFO  c.e.d.a.a.LoggingServices [http-nio-8080-exec-1] - <-- END method 'getAppliancesByFilter'. Return: Page 1 of 1 containing com.epam.dimazak.appliances.model.dto.appliance.ApplianceDto instances. Time taken: 4 ms
2026-02-08 00:31:19 INFO  c.e.d.a.a.LoggingServices [http-nio-8080-exec-2] - --> START method 'getAppliancesByFilter' with arguments: [ApplianceFilterDto(categoryId=null, manufacturerId=1, name=null, minPrice=null, maxPrice=null), Page request [number: 0, size 12, sort: price: ASC]]
2026-02-08 00:31:19 INFO  c.e.d.a.a.LoggingServices [http-nio-8080-exec-2] - <-- END method 'getAppliancesByFilter'. Return: Page 1 of 1 containing com.epam.dimazak.appliances.model.dto.appliance.ApplianceDto instances. Time taken: 7 ms
2026-02-08 00:31:19 INFO  c.e.d.a.a.LoggingServices [http-nio-8080-exec-3] - --> START method 'getAppliancesByFilter' with arguments: [ApplianceFilterDto(categoryId=null, manufacturerId=1, name=null, minPrice=null, maxPrice=null), Page request [number: 0, size 12, sort: price: DESC]]
2026-02-08 00:31:19 INFO  c.e.d.a.a.LoggingServices [http-nio-8080-exec-3] - <-- END method 'getAppliancesByFilter'. Return: Page 1 of 1 containing com.epam.dimazak.appliances.model.dto.appliance.ApplianceDto instances. Time taken: 4 ms
2026-02-08 00:31:20 INFO  c.e.d.a.a.LoggingServices [http-nio-8080-exec-7] - --> START method 'getAppliancesByFilter' with arguments: [ApplianceFilterDto(categoryId=null, manufacturerId=1, name=null, minPrice=null, maxPrice=null), Page request [number: 0, size 12, sort: price: ASC]]
2026-02-08 00:31:20 INFO  c.e.d.a.a.LoggingServices [http-nio-8080-exec-7] - <-- END method 'getAppliancesByFilter'. Return: Page 1 of 1 containing com.epam.dimazak.appliances.model.dto.appliance.ApplianceDto instances. Time taken: 3 ms
2026-02-08 00:31:20 INFO  c.e.d.a.a.LoggingServices [http-nio-8080-exec-8] - --> START method 'getAppliancesByFilter' with arguments: [ApplianceFilterDto(categoryId=null, manufacturerId=1, name=null, minPrice=null, maxPrice=null), Page request [number: 0, size 12, sort: price: DESC]]
2026-02-08 00:31:20 INFO  c.e.d.a.a.LoggingServices [http-nio-8080-exec-8] - <-- END method 'getAppliancesByFilter'. Return: Page 1 of 1 containing com.epam.dimazak.appliances.model.dto.appliance.ApplianceDto instances. Time taken: 4 ms
2026-02-08 00:31:21 INFO  c.e.d.a.a.LoggingServices [http-nio-8080-exec-10] - --> START method 'getAppliancesByFilter' with arguments: [ApplianceFilterDto(categoryId=null, manufacturerId=1, name=null, minPrice=null, maxPrice=null), Page request [number: 0, size 12, sort: price: ASC]]
2026-02-08 00:31:21 INFO  c.e.d.a.a.LoggingServices [http-nio-8080-exec-10] - <-- END method 'getAppliancesByFilter'. Return: Page 1 of 1 containing com.epam.dimazak.appliances.model.dto.appliance.ApplianceDto instances. Time taken: 4 ms
2026-02-08 00:31:37 INFO  o.s.b.t.GracefulShutdown [SpringApplicationShutdownHook] - Commencing graceful shutdown. Waiting for active requests to complete
2026-02-08 00:31:37 INFO  o.s.b.t.GracefulShutdown [tomcat-shutdown] - Graceful shutdown complete
2026-02-08 00:31:37 INFO  o.s.o.j.AbstractEntityManagerFactoryBean [SpringApplicationShutdownHook] - Closing JPA EntityManagerFactory for persistence unit 'default'
2026-02-08 00:31:37 INFO  c.z.h.HikariDataSource [SpringApplicationShutdownHook] - HikariPool-1 - Shutdown initiated...
2026-02-08 00:31:37 INFO  c.z.h.HikariDataSource [SpringApplicationShutdownHook] - HikariPool-1 - Shutdown completed.
