2026-02-06 22:09:44 INFO  o.s.b.StartupInfoLogger [main] - Starting ApplianceStoreApplication using Java 22.0.1 with PID 22120 (C:\Users\Dell\Desktop\study\epam\final-project\appliances\target\classes started by Dell in C:\Users\Dell\Desktop\study\epam\final-project\appliances)
2026-02-06 22:09:44 INFO  o.s.b.SpringApplication [main] - No active profile set, falling back to 1 default profile: "default"
2026-02-06 22:09:45 INFO  o.s.d.r.c.RepositoryConfigurationDelegate [main] - Bootstrapping Spring Data JPA repositories in DEFAULT mode.
2026-02-06 22:09:45 INFO  o.s.d.r.c.RepositoryConfigurationDelegate [main] - Finished Spring Data repository scanning in 68 ms. Found 3 JPA repository interfaces.
2026-02-06 22:09:46 INFO  o.s.b.t.TomcatWebServer [main] - Tomcat initialized with port 8080 (http)
2026-02-06 22:09:46 INFO  o.a.j.l.DirectJDKLog [main] - Starting service [Tomcat]
2026-02-06 22:09:46 INFO  o.a.j.l.DirectJDKLog [main] - Starting Servlet engine: [Apache Tomcat/11.0.15]
2026-02-06 22:09:46 INFO  o.s.b.w.c.s.WebApplicationContextInitializer [main] - Root WebApplicationContext: initialization completed in 1858 ms
2026-02-06 22:09:46 INFO  o.h.j.i.u.LogHelper [main] - HHH008540: Processing PersistenceUnitInfo [name: default]
2026-02-06 22:09:47 INFO  o.h.Version [main] - HHH000001: Hibernate ORM core version 7.2.1.Final
2026-02-06 22:09:47 INFO  o.s.o.j.p.SpringPersistenceUnitInfo [main] - No LoadTimeWeaver setup: ignoring JPA class transformer
2026-02-06 22:09:47 INFO  c.z.h.HikariDataSource [main] - HikariPool-1 - Starting...
2026-02-06 22:09:47 INFO  c.z.h.p.HikariPool [main] - HikariPool-1 - Added connection conn1: url=jdbc:h2:file:./data/appliances user=SA
2026-02-06 22:09:47 INFO  c.z.h.HikariDataSource [main] - HikariPool-1 - Start completed.
2026-02-06 22:09:47 WARN  o.h.e.j.d.i.DialectFactoryImpl [main] - HHH90000025: H2Dialect does not need to be specified explicitly using 'hibernate.dialect' (remove the property setting and it will be selected by default)
2026-02-06 22:09:48 INFO  o.h.e.j.e.i.JdbcEnvironmentInitiator [main] - HHH10001005: Database info:
	Database JDBC URL [jdbc:h2:file:./data/appliances]
	Database driver: H2 JDBC Driver
	Database dialect: H2Dialect
	Database version: 2.4.240
	Default catalog/schema: APPLIANCES/PUBLIC
	Autocommit mode: undefined/unknown
	Isolation level: READ_COMMITTED [default READ_COMMITTED]
	JDBC fetch size: 100
	Pool: DataSourceConnectionProvider
	Minimum pool size: undefined/unknown
	Maximum pool size: undefined/unknown
2026-02-06 22:09:49 INFO  o.h.e.t.j.p.i.JtaPlatformInitiator [main] - HHH000489: No JTA platform available (set 'hibernate.transaction.jta.platform' to enable JTA platform integration)
2026-02-06 22:09:49 INFO  o.s.o.j.AbstractEntityManagerFactoryBean [main] - Initialized JPA EntityManagerFactory for persistence unit 'default'
2026-02-06 22:09:49 INFO  o.s.d.j.r.q.QueryEnhancerFactories [main] - Hibernate is in classpath; If applicable, HQL parser will be used.
2026-02-06 22:09:49 INFO  o.s.s.c.a.a.c.InitializeAuthenticationProviderBeanManagerConfigurer$InitializeAuthenticationProviderManagerConfigurer [main] - Global AuthenticationManager configured with AuthenticationProvider bean with name authenticationProvider
2026-02-06 22:09:49 WARN  o.s.s.c.a.a.c.InitializeUserDetailsBeanManagerConfigurer$InitializeUserDetailsManagerConfigurer [main] - Global AuthenticationManager configured with an AuthenticationProvider bean. UserDetailsService beans will not be used by Spring Security for automatically configuring username/password login. Consider removing the AuthenticationProvider bean. Alternatively, consider using the UserDetailsService in a manually instantiated DaoAuthenticationProvider. If the current configuration is intentional, to turn off this warning, increase the logging level of 'org.springframework.security.config.annotation.authentication.configuration.InitializeUserDetailsBeanManagerConfigurer' to ERROR
2026-02-06 22:09:49 WARN  o.s.b.j.a.JpaBaseConfiguration$JpaWebConfiguration [main] - spring.jpa.open-in-view is enabled by default. Therefore, database queries may be performed during view rendering. Explicitly configure spring.jpa.open-in-view to disable this warning
2026-02-06 22:09:50 INFO  o.s.b.h.a.H2ConsoleAutoConfiguration$H2ConsoleLogger [main] - H2 console available at '/h2-console'. Database available at 'jdbc:h2:file:./data/appliances'
2026-02-06 22:09:50 INFO  o.s.b.t.TomcatWebServer [main] - Tomcat started on port 8080 (http) with context path '/'
2026-02-06 22:09:50 INFO  o.s.b.StartupInfoLogger [main] - Started ApplianceStoreApplication in 6.754 seconds (process running for 7.744)
2026-02-06 23:08:23 WARN  c.z.h.p.HikariPool$HouseKeeper [HikariPool-1:housekeeper] - HikariPool-1 - Thread starvation or clock leap detected (housekeeper delta=58m5s765ms484µs700ns).
2026-02-06 23:30:19 INFO  o.s.b.t.GracefulShutdown [SpringApplicationShutdownHook] - Commencing graceful shutdown. Waiting for active requests to complete
2026-02-06 23:30:19 INFO  o.s.b.t.GracefulShutdown [tomcat-shutdown] - Graceful shutdown complete
2026-02-06 23:30:19 INFO  o.s.o.j.AbstractEntityManagerFactoryBean [SpringApplicationShutdownHook] - Closing JPA EntityManagerFactory for persistence unit 'default'
2026-02-06 23:30:19 INFO  c.z.h.HikariDataSource [SpringApplicationShutdownHook] - HikariPool-1 - Shutdown initiated...
2026-02-06 23:30:19 INFO  c.z.h.HikariDataSource [SpringApplicationShutdownHook] - HikariPool-1 - Shutdown completed.
2026-02-06 23:30:27 INFO  o.s.b.StartupInfoLogger [main] - Starting ApplianceStoreApplication using Java 22.0.1 with PID 28476 (C:\Users\Dell\Desktop\study\epam\final-project\appliances\target\classes started by Dell in C:\Users\Dell\Desktop\study\epam\final-project\appliances)
2026-02-06 23:30:27 INFO  o.s.b.SpringApplication [main] - No active profile set, falling back to 1 default profile: "default"
2026-02-06 23:30:28 INFO  o.s.d.r.c.RepositoryConfigurationDelegate [main] - Bootstrapping Spring Data JPA repositories in DEFAULT mode.
2026-02-06 23:30:28 INFO  o.s.d.r.c.RepositoryConfigurationDelegate [main] - Finished Spring Data repository scanning in 57 ms. Found 3 JPA repository interfaces.
2026-02-06 23:30:28 INFO  o.s.b.t.TomcatWebServer [main] - Tomcat initialized with port 8080 (http)
2026-02-06 23:30:28 INFO  o.a.j.l.DirectJDKLog [main] - Starting service [Tomcat]
2026-02-06 23:30:28 INFO  o.a.j.l.DirectJDKLog [main] - Starting Servlet engine: [Apache Tomcat/11.0.15]
2026-02-06 23:30:29 INFO  o.s.b.w.c.s.WebApplicationContextInitializer [main] - Root WebApplicationContext: initialization completed in 1622 ms
2026-02-06 23:30:29 INFO  o.h.j.i.u.LogHelper [main] - HHH008540: Processing PersistenceUnitInfo [name: default]
2026-02-06 23:30:29 INFO  o.h.Version [main] - HHH000001: Hibernate ORM core version 7.2.1.Final
2026-02-06 23:30:29 INFO  o.s.o.j.p.SpringPersistenceUnitInfo [main] - No LoadTimeWeaver setup: ignoring JPA class transformer
2026-02-06 23:30:29 INFO  c.z.h.HikariDataSource [main] - HikariPool-1 - Starting...
2026-02-06 23:30:30 INFO  c.z.h.p.HikariPool [main] - HikariPool-1 - Added connection conn1: url=jdbc:h2:file:./data/appliances user=SA
2026-02-06 23:30:30 INFO  c.z.h.HikariDataSource [main] - HikariPool-1 - Start completed.
2026-02-06 23:30:30 WARN  o.h.e.j.d.i.DialectFactoryImpl [main] - HHH90000025: H2Dialect does not need to be specified explicitly using 'hibernate.dialect' (remove the property setting and it will be selected by default)
2026-02-06 23:30:30 INFO  o.h.e.j.e.i.JdbcEnvironmentInitiator [main] - HHH10001005: Database info:
	Database JDBC URL [jdbc:h2:file:./data/appliances]
	Database driver: H2 JDBC Driver
	Database dialect: H2Dialect
	Database version: 2.4.240
	Default catalog/schema: APPLIANCES/PUBLIC
	Autocommit mode: undefined/unknown
	Isolation level: READ_COMMITTED [default READ_COMMITTED]
	JDBC fetch size: 100
	Pool: DataSourceConnectionProvider
	Minimum pool size: undefined/unknown
	Maximum pool size: undefined/unknown
2026-02-06 23:30:31 INFO  o.h.e.t.j.p.i.JtaPlatformInitiator [main] - HHH000489: No JTA platform available (set 'hibernate.transaction.jta.platform' to enable JTA platform integration)
2026-02-06 23:30:31 INFO  o.s.o.j.AbstractEntityManagerFactoryBean [main] - Initialized JPA EntityManagerFactory for persistence unit 'default'
2026-02-06 23:30:31 INFO  o.s.d.j.r.q.QueryEnhancerFactories [main] - Hibernate is in classpath; If applicable, HQL parser will be used.
2026-02-06 23:30:32 INFO  o.s.s.c.a.a.c.InitializeAuthenticationProviderBeanManagerConfigurer$InitializeAuthenticationProviderManagerConfigurer [main] - Global AuthenticationManager configured with AuthenticationProvider bean with name authenticationProvider
2026-02-06 23:30:32 WARN  o.s.s.c.a.a.c.InitializeUserDetailsBeanManagerConfigurer$InitializeUserDetailsManagerConfigurer [main] - Global AuthenticationManager configured with an AuthenticationProvider bean. UserDetailsService beans will not be used by Spring Security for automatically configuring username/password login. Consider removing the AuthenticationProvider bean. Alternatively, consider using the UserDetailsService in a manually instantiated DaoAuthenticationProvider. If the current configuration is intentional, to turn off this warning, increase the logging level of 'org.springframework.security.config.annotation.authentication.configuration.InitializeUserDetailsBeanManagerConfigurer' to ERROR
2026-02-06 23:30:32 WARN  o.s.b.j.a.JpaBaseConfiguration$JpaWebConfiguration [main] - spring.jpa.open-in-view is enabled by default. Therefore, database queries may be performed during view rendering. Explicitly configure spring.jpa.open-in-view to disable this warning
2026-02-06 23:30:32 INFO  o.s.b.h.a.H2ConsoleAutoConfiguration$H2ConsoleLogger [main] - H2 console available at '/h2-console'. Database available at 'jdbc:h2:file:./data/appliances'
2026-02-06 23:30:32 INFO  o.s.b.t.TomcatWebServer [main] - Tomcat started on port 8080 (http) with context path '/'
2026-02-06 23:30:32 INFO  o.s.b.StartupInfoLogger [main] - Started ApplianceStoreApplication in 6.073 seconds (process running for 6.929)
2026-02-06 23:31:02 INFO  o.a.j.l.DirectJDKLog [http-nio-8080-exec-2] - Initializing Spring DispatcherServlet 'dispatcherServlet'
2026-02-06 23:31:02 INFO  o.s.w.s.FrameworkServlet [http-nio-8080-exec-2] - Initializing Servlet 'dispatcherServlet'
2026-02-06 23:31:02 INFO  o.s.w.s.FrameworkServlet [http-nio-8080-exec-2] - Completed initialization in 3 ms
2026-02-06 23:31:03 INFO  c.e.d.a.a.LoggingServices [http-nio-8080-exec-2] - --> START method 'register' with arguments: [RegisterRequest(name=Ivan, email=ivonovivanpro@gmail.com, password=12345678, card=null)]
2026-02-06 23:31:09 INFO  c.e.d.a.s.i.EmailService [http-nio-8080-exec-2] - Email sent to ivonovivanpro@gmail.com
2026-02-06 23:31:09 INFO  c.e.d.a.a.LoggingServices [http-nio-8080-exec-2] - <-- END method 'register'. Return: AuthResponse(token=null, role=GUEST, name=null). Time taken: 5469 ms
2026-02-06 23:31:13 INFO  c.e.d.a.a.LoggingServices [http-nio-8080-exec-3] - --> START method 'register' with arguments: [RegisterRequest(name=Ivan, email=ivonovivanpro@gmail.com, password=12345678, card=null)]
2026-02-06 23:31:13 ERROR c.e.d.a.a.LoggingServices [http-nio-8080-exec-3] - <-- ERROR in method 'register': User with this email already exists
2026-02-06 23:31:13 WARN  c.e.d.a.e.GlobalExceptionHandler [http-nio-8080-exec-3] - Registration failed: User with this email already exists
2026-02-06 23:31:33 INFO  c.e.d.a.a.LoggingServices [http-nio-8080-exec-4] - --> START method 'register' with arguments: [RegisterRequest(name=Ivan, email=ivonovivanpro@gmail.com, password=12345678, card=null)]
2026-02-06 23:31:33 ERROR c.e.d.a.a.LoggingServices [http-nio-8080-exec-4] - <-- ERROR in method 'register': ?????????? ? ????? ?????? ??? ?????
2026-02-06 23:31:33 WARN  c.e.d.a.e.GlobalExceptionHandler [http-nio-8080-exec-4] - Registration failed: ?????????? ? ????? ?????? ??? ?????
2026-02-06 23:31:40 INFO  c.e.d.a.a.LoggingServices [http-nio-8080-exec-5] - --> START method 'register' with arguments: [RegisterRequest(name=Ivan, email=ivonovivanpro@gmail.com, password=12345678, card=null)]
2026-02-06 23:31:40 ERROR c.e.d.a.a.LoggingServices [http-nio-8080-exec-5] - <-- ERROR in method 'register': User with this email already exists
2026-02-06 23:31:40 WARN  c.e.d.a.e.GlobalExceptionHandler [http-nio-8080-exec-5] - Registration failed: User with this email already exists
2026-02-06 23:31:44 INFO  c.e.d.a.a.LoggingServices [http-nio-8080-exec-6] - --> START method 'register' with arguments: [RegisterRequest(name=Ivan, email=ivonovivanpro@gmail.com, password=12345678, card=null)]
2026-02-06 23:31:44 ERROR c.e.d.a.a.LoggingServices [http-nio-8080-exec-6] - <-- ERROR in method 'register': ?????????? ? ????? ?????? ??? ?????
2026-02-06 23:31:44 WARN  c.e.d.a.e.GlobalExceptionHandler [http-nio-8080-exec-6] - Registration failed: ?????????? ? ????? ?????? ??? ?????
2026-02-06 23:33:54 INFO  o.s.b.t.GracefulShutdown [SpringApplicationShutdownHook] - Commencing graceful shutdown. Waiting for active requests to complete
2026-02-06 23:33:54 INFO  o.s.b.t.GracefulShutdown [tomcat-shutdown] - Graceful shutdown complete
2026-02-06 23:33:54 INFO  o.s.o.j.AbstractEntityManagerFactoryBean [SpringApplicationShutdownHook] - Closing JPA EntityManagerFactory for persistence unit 'default'
2026-02-06 23:33:54 INFO  c.z.h.HikariDataSource [SpringApplicationShutdownHook] - HikariPool-1 - Shutdown initiated...
2026-02-06 23:33:54 INFO  c.z.h.HikariDataSource [SpringApplicationShutdownHook] - HikariPool-1 - Shutdown completed.
2026-02-06 23:33:57 INFO  o.s.b.StartupInfoLogger [main] - Starting ApplianceStoreApplication using Java 22.0.1 with PID 16164 (C:\Users\Dell\Desktop\study\epam\final-project\appliances\target\classes started by Dell in C:\Users\Dell\Desktop\study\epam\final-project\appliances)
2026-02-06 23:33:57 INFO  o.s.b.SpringApplication [main] - No active profile set, falling back to 1 default profile: "default"
2026-02-06 23:33:58 INFO  o.s.d.r.c.RepositoryConfigurationDelegate [main] - Bootstrapping Spring Data JPA repositories in DEFAULT mode.
2026-02-06 23:33:58 INFO  o.s.d.r.c.RepositoryConfigurationDelegate [main] - Finished Spring Data repository scanning in 69 ms. Found 3 JPA repository interfaces.
2026-02-06 23:33:59 INFO  o.s.b.t.TomcatWebServer [main] - Tomcat initialized with port 8080 (http)
2026-02-06 23:33:59 INFO  o.a.j.l.DirectJDKLog [main] - Starting service [Tomcat]
2026-02-06 23:33:59 INFO  o.a.j.l.DirectJDKLog [main] - Starting Servlet engine: [Apache Tomcat/11.0.15]
2026-02-06 23:33:59 INFO  o.s.b.w.c.s.WebApplicationContextInitializer [main] - Root WebApplicationContext: initialization completed in 1596 ms
2026-02-06 23:33:59 INFO  o.h.j.i.u.LogHelper [main] - HHH008540: Processing PersistenceUnitInfo [name: default]
2026-02-06 23:33:59 INFO  o.h.Version [main] - HHH000001: Hibernate ORM core version 7.2.1.Final
2026-02-06 23:34:00 INFO  o.s.o.j.p.SpringPersistenceUnitInfo [main] - No LoadTimeWeaver setup: ignoring JPA class transformer
2026-02-06 23:34:00 INFO  c.z.h.HikariDataSource [main] - HikariPool-1 - Starting...
2026-02-06 23:34:00 INFO  c.z.h.p.HikariPool [main] - HikariPool-1 - Added connection conn1: url=jdbc:h2:file:./data/appliances user=SA
2026-02-06 23:34:00 INFO  c.z.h.HikariDataSource [main] - HikariPool-1 - Start completed.
2026-02-06 23:34:00 WARN  o.h.e.j.d.i.DialectFactoryImpl [main] - HHH90000025: H2Dialect does not need to be specified explicitly using 'hibernate.dialect' (remove the property setting and it will be selected by default)
2026-02-06 23:34:00 INFO  o.h.e.j.e.i.JdbcEnvironmentInitiator [main] - HHH10001005: Database info:
	Database JDBC URL [jdbc:h2:file:./data/appliances]
	Database driver: H2 JDBC Driver
	Database dialect: H2Dialect
	Database version: 2.4.240
	Default catalog/schema: APPLIANCES/PUBLIC
	Autocommit mode: undefined/unknown
	Isolation level: READ_COMMITTED [default READ_COMMITTED]
	JDBC fetch size: 100
	Pool: DataSourceConnectionProvider
	Minimum pool size: undefined/unknown
	Maximum pool size: undefined/unknown
2026-02-06 23:34:02 INFO  o.h.e.t.j.p.i.JtaPlatformInitiator [main] - HHH000489: No JTA platform available (set 'hibernate.transaction.jta.platform' to enable JTA platform integration)
2026-02-06 23:34:02 INFO  o.s.o.j.AbstractEntityManagerFactoryBean [main] - Initialized JPA EntityManagerFactory for persistence unit 'default'
2026-02-06 23:34:02 INFO  o.s.d.j.r.q.QueryEnhancerFactories [main] - Hibernate is in classpath; If applicable, HQL parser will be used.
2026-02-06 23:34:02 INFO  o.s.s.c.a.a.c.InitializeAuthenticationProviderBeanManagerConfigurer$InitializeAuthenticationProviderManagerConfigurer [main] - Global AuthenticationManager configured with AuthenticationProvider bean with name authenticationProvider
2026-02-06 23:34:02 WARN  o.s.s.c.a.a.c.InitializeUserDetailsBeanManagerConfigurer$InitializeUserDetailsManagerConfigurer [main] - Global AuthenticationManager configured with an AuthenticationProvider bean. UserDetailsService beans will not be used by Spring Security for automatically configuring username/password login. Consider removing the AuthenticationProvider bean. Alternatively, consider using the UserDetailsService in a manually instantiated DaoAuthenticationProvider. If the current configuration is intentional, to turn off this warning, increase the logging level of 'org.springframework.security.config.annotation.authentication.configuration.InitializeUserDetailsBeanManagerConfigurer' to ERROR
2026-02-06 23:34:02 WARN  o.s.b.j.a.JpaBaseConfiguration$JpaWebConfiguration [main] - spring.jpa.open-in-view is enabled by default. Therefore, database queries may be performed during view rendering. Explicitly configure spring.jpa.open-in-view to disable this warning
2026-02-06 23:34:03 INFO  o.s.b.h.a.H2ConsoleAutoConfiguration$H2ConsoleLogger [main] - H2 console available at '/h2-console'. Database available at 'jdbc:h2:file:./data/appliances'
2026-02-06 23:34:03 INFO  o.s.b.t.TomcatWebServer [main] - Tomcat started on port 8080 (http) with context path '/'
2026-02-06 23:34:03 INFO  o.s.b.StartupInfoLogger [main] - Started ApplianceStoreApplication in 6.114 seconds (process running for 7.063)
2026-02-06 23:34:23 INFO  o.a.j.l.DirectJDKLog [http-nio-8080-exec-1] - Initializing Spring DispatcherServlet 'dispatcherServlet'
2026-02-06 23:34:23 INFO  o.s.w.s.FrameworkServlet [http-nio-8080-exec-1] - Initializing Servlet 'dispatcherServlet'
2026-02-06 23:34:23 INFO  o.s.w.s.FrameworkServlet [http-nio-8080-exec-1] - Completed initialization in 2 ms
2026-02-06 23:34:24 INFO  c.e.d.a.a.LoggingServices [http-nio-8080-exec-1] - --> START method 'register' with arguments: [RegisterRequest(name=Ivan, email=ivonovivanpro@gmail.com, password=12345678, card=null)]
2026-02-06 23:34:26 INFO  c.e.d.a.s.i.EmailService [http-nio-8080-exec-1] - Email sent to ivonovivanpro@gmail.com
2026-02-06 23:34:26 INFO  c.e.d.a.a.LoggingServices [http-nio-8080-exec-1] - <-- END method 'register'. Return: AuthResponse(token=null, role=GUEST, name=null). Time taken: 2210 ms
2026-02-06 23:34:28 INFO  c.e.d.a.a.LoggingServices [http-nio-8080-exec-5] - --> START method 'register' with arguments: [RegisterRequest(name=Ivan, email=ivonovivanpro@gmail.com, password=12345678, card=null)]
2026-02-06 23:34:28 ERROR c.e.d.a.a.LoggingServices [http-nio-8080-exec-5] - <-- ERROR in method 'register': ?????????? ? ????? ?????? ??? ?????
2026-02-06 23:34:28 WARN  c.e.d.a.e.GlobalExceptionHandler [http-nio-8080-exec-5] - Registration failed: ?????????? ? ????? ?????? ??? ?????
2026-02-06 23:35:54 INFO  o.s.b.t.GracefulShutdown [SpringApplicationShutdownHook] - Commencing graceful shutdown. Waiting for active requests to complete
2026-02-06 23:35:54 INFO  o.s.b.t.GracefulShutdown [tomcat-shutdown] - Graceful shutdown complete
2026-02-06 23:35:54 INFO  o.s.o.j.AbstractEntityManagerFactoryBean [SpringApplicationShutdownHook] - Closing JPA EntityManagerFactory for persistence unit 'default'
2026-02-06 23:35:54 INFO  c.z.h.HikariDataSource [SpringApplicationShutdownHook] - HikariPool-1 - Shutdown initiated...
2026-02-06 23:35:54 INFO  c.z.h.HikariDataSource [SpringApplicationShutdownHook] - HikariPool-1 - Shutdown completed.
2026-02-06 23:35:57 INFO  o.s.b.StartupInfoLogger [main] - Starting ApplianceStoreApplication using Java 22.0.1 with PID 14552 (C:\Users\Dell\Desktop\study\epam\final-project\appliances\target\classes started by Dell in C:\Users\Dell\Desktop\study\epam\final-project\appliances)
2026-02-06 23:35:57 INFO  o.s.b.SpringApplication [main] - No active profile set, falling back to 1 default profile: "default"
2026-02-06 23:35:58 INFO  o.s.d.r.c.RepositoryConfigurationDelegate [main] - Bootstrapping Spring Data JPA repositories in DEFAULT mode.
2026-02-06 23:35:58 INFO  o.s.d.r.c.RepositoryConfigurationDelegate [main] - Finished Spring Data repository scanning in 58 ms. Found 3 JPA repository interfaces.
2026-02-06 23:35:59 INFO  o.s.b.t.TomcatWebServer [main] - Tomcat initialized with port 8080 (http)
2026-02-06 23:35:59 INFO  o.a.j.l.DirectJDKLog [main] - Starting service [Tomcat]
2026-02-06 23:35:59 INFO  o.a.j.l.DirectJDKLog [main] - Starting Servlet engine: [Apache Tomcat/11.0.15]
2026-02-06 23:35:59 INFO  o.s.b.w.c.s.WebApplicationContextInitializer [main] - Root WebApplicationContext: initialization completed in 1485 ms
2026-02-06 23:35:59 INFO  o.h.j.i.u.LogHelper [main] - HHH008540: Processing PersistenceUnitInfo [name: default]
2026-02-06 23:35:59 INFO  o.h.Version [main] - HHH000001: Hibernate ORM core version 7.2.1.Final
2026-02-06 23:35:59 INFO  o.s.o.j.p.SpringPersistenceUnitInfo [main] - No LoadTimeWeaver setup: ignoring JPA class transformer
2026-02-06 23:35:59 INFO  c.z.h.HikariDataSource [main] - HikariPool-1 - Starting...
2026-02-06 23:36:00 INFO  c.z.h.p.HikariPool [main] - HikariPool-1 - Added connection conn1: url=jdbc:h2:file:./data/appliances user=SA
2026-02-06 23:36:00 INFO  c.z.h.HikariDataSource [main] - HikariPool-1 - Start completed.
2026-02-06 23:36:00 WARN  o.h.e.j.d.i.DialectFactoryImpl [main] - HHH90000025: H2Dialect does not need to be specified explicitly using 'hibernate.dialect' (remove the property setting and it will be selected by default)
2026-02-06 23:36:00 INFO  o.h.e.j.e.i.JdbcEnvironmentInitiator [main] - HHH10001005: Database info:
	Database JDBC URL [jdbc:h2:file:./data/appliances]
	Database driver: H2 JDBC Driver
	Database dialect: H2Dialect
	Database version: 2.4.240
	Default catalog/schema: APPLIANCES/PUBLIC
	Autocommit mode: undefined/unknown
	Isolation level: READ_COMMITTED [default READ_COMMITTED]
	JDBC fetch size: 100
	Pool: DataSourceConnectionProvider
	Minimum pool size: undefined/unknown
	Maximum pool size: undefined/unknown
2026-02-06 23:36:01 INFO  o.h.e.t.j.p.i.JtaPlatformInitiator [main] - HHH000489: No JTA platform available (set 'hibernate.transaction.jta.platform' to enable JTA platform integration)
2026-02-06 23:36:01 INFO  o.s.o.j.AbstractEntityManagerFactoryBean [main] - Initialized JPA EntityManagerFactory for persistence unit 'default'
2026-02-06 23:36:01 INFO  o.s.d.j.r.q.QueryEnhancerFactories [main] - Hibernate is in classpath; If applicable, HQL parser will be used.
2026-02-06 23:36:01 INFO  o.s.s.c.a.a.c.InitializeAuthenticationProviderBeanManagerConfigurer$InitializeAuthenticationProviderManagerConfigurer [main] - Global AuthenticationManager configured with AuthenticationProvider bean with name authenticationProvider
2026-02-06 23:36:01 WARN  o.s.s.c.a.a.c.InitializeUserDetailsBeanManagerConfigurer$InitializeUserDetailsManagerConfigurer [main] - Global AuthenticationManager configured with an AuthenticationProvider bean. UserDetailsService beans will not be used by Spring Security for automatically configuring username/password login. Consider removing the AuthenticationProvider bean. Alternatively, consider using the UserDetailsService in a manually instantiated DaoAuthenticationProvider. If the current configuration is intentional, to turn off this warning, increase the logging level of 'org.springframework.security.config.annotation.authentication.configuration.InitializeUserDetailsBeanManagerConfigurer' to ERROR
2026-02-06 23:36:01 WARN  o.s.b.j.a.JpaBaseConfiguration$JpaWebConfiguration [main] - spring.jpa.open-in-view is enabled by default. Therefore, database queries may be performed during view rendering. Explicitly configure spring.jpa.open-in-view to disable this warning
2026-02-06 23:36:02 INFO  o.s.b.h.a.H2ConsoleAutoConfiguration$H2ConsoleLogger [main] - H2 console available at '/h2-console'. Database available at 'jdbc:h2:file:./data/appliances'
2026-02-06 23:36:02 INFO  o.s.b.t.TomcatWebServer [main] - Tomcat started on port 8080 (http) with context path '/'
2026-02-06 23:36:02 INFO  o.s.b.StartupInfoLogger [main] - Started ApplianceStoreApplication in 5.75 seconds (process running for 6.704)
2026-02-06 23:36:10 INFO  o.a.j.l.DirectJDKLog [http-nio-8080-exec-1] - Initializing Spring DispatcherServlet 'dispatcherServlet'
2026-02-06 23:36:10 INFO  o.s.w.s.FrameworkServlet [http-nio-8080-exec-1] - Initializing Servlet 'dispatcherServlet'
2026-02-06 23:36:10 INFO  o.s.w.s.FrameworkServlet [http-nio-8080-exec-1] - Completed initialization in 1 ms
2026-02-06 23:36:10 INFO  c.e.d.a.a.LoggingServices [http-nio-8080-exec-1] - --> START method 'register' with arguments: [RegisterRequest(name=Ivan, email=ivonovivanpro@gmail.com, password=12345678, card=null)]
2026-02-06 23:36:12 INFO  c.e.d.a.s.i.EmailService [http-nio-8080-exec-1] - Email sent to ivonovivanpro@gmail.com
2026-02-06 23:36:12 INFO  c.e.d.a.a.LoggingServices [http-nio-8080-exec-1] - <-- END method 'register'. Return: AuthResponse(token=null, role=GUEST, name=null). Time taken: 2495 ms
2026-02-06 23:36:14 INFO  c.e.d.a.a.LoggingServices [http-nio-8080-exec-3] - --> START method 'register' with arguments: [RegisterRequest(name=Ivan, email=ivonovivanpro@gmail.com, password=12345678, card=null)]
2026-02-06 23:36:15 ERROR c.e.d.a.a.LoggingServices [http-nio-8080-exec-3] - <-- ERROR in method 'register': Користувач з такою поштою вже існує
2026-02-06 23:36:15 WARN  c.e.d.a.e.GlobalExceptionHandler [http-nio-8080-exec-3] - Registration failed: Користувач з такою поштою вже існує
2026-02-06 23:43:08 INFO  c.e.d.a.a.LoggingServices [http-nio-8080-exec-6] - --> START method 'loginWithGoogle' with arguments: [GoogleLoginRequest(token=eyJhbGciOiJSUzI1NiIsImtpZCI6ImMyN2JhNDBiMDk1MjlhZDRmMTY4MjJjZTgzMTY3YzFiYzM5MTAxMjIiLCJ0eXAiOiJKV1QifQ.eyJpc3MiOiJodHRwczovL2FjY291bnRzLmdvb2dsZS5jb20iLCJhenAiOiI5ODE2MTQ0MzE3MDAtaDBibXQxNWE5c3M3ZWgwZThwMGpna3ZvMTQ3aDQzYm0uYXBwcy5nb29nbGV1c2VyY29udGVudC5jb20iLCJhdWQiOiI5ODE2MTQ0MzE3MDAtaDBibXQxNWE5c3M3ZWgwZThwMGpna3ZvMTQ3aDQzYm0uYXBwcy5nb29nbGV1c2VyY29udGVudC5jb20iLCJzdWIiOiIxMTY4MTA0OTIwNzk5Njc3NDE2OTUiLCJlbWFpbCI6ImRpbWF6YWsyNzA0QGdtYWlsLmNvbSIsImVtYWlsX3ZlcmlmaWVkIjp0cnVlLCJuYmYiOjE3NzA0MTM4ODcsIm5hbWUiOiLQlNC80LjRgtGA0L4g0JfQsNC60YPRiNC90Y_QuiIsInBpY3R1cmUiOiJodHRwczovL2xoMy5nb29nbGV1c2VyY29udGVudC5jb20vYS9BQ2c4b2NMRGVtR1RMLUVqWE1CblpjRFAwNk40VVlvWFdJdzlwSDlEOFYxMmdCSjNnd2dNUHk0amF3PXM5Ni1jIiwiZ2l2ZW5fbmFtZSI6ItCU0LzQuNGC0YDQviIsImZhbWlseV9uYW1lIjoi0JfQsNC60YPRiNC90Y_QuiIsImlhdCI6MTc3MDQxNDE4NywiZXhwIjoxNzcwNDE3Nzg3LCJqdGkiOiJkYmRiMTdkYTYxNWNlM2NiZTI1MGJkNTg5OTNlNzI3OTYzYzE2N2U3In0.hy4_5JGo1tMC4vuMJgqncDRRt-6eRax_WLVgaPpiu6RHxpRwfCJr_TknUoc33uYP3J69GnbQsGeexOKd6ur6ncG1hfIIADZxQ56W1AUob433uRg87bRIsrFaQyN-GLzKAD0u1WosZxrXAX7FHktwDZ5tOqzodduHrt82vEFbI968kK71z0FeRaEveUiVov6nJa44z-8frJr6hL77gbKmqseyI0K8PbHxm5ugaIxxqn0SefVhKCpAtDEZq_5NTDzcpp3MM4BDyyx7iumYHXtkRvs38JnhUhwqT9V51evnl0jf8sB34e8gKs7bMbKkl-yfqidaf2tDZWGByLWSnXfa7w)]
2026-02-06 23:43:08 ERROR c.e.d.a.a.LoggingServices [http-nio-8080-exec-6] - <-- ERROR in method 'loginWithGoogle': error.credentials.userNotRegistered
2026-02-06 23:43:08 WARN  c.e.d.a.e.GlobalExceptionHandler [http-nio-8080-exec-6] - Authentication failed: error.credentials.userNotRegistered
2026-02-06 23:43:41 INFO  c.e.d.a.a.LoggingServices [http-nio-8080-exec-9] - --> START method 'registerWithGoogle' with arguments: [GoogleRegisterRequest(token=eyJhbGciOiJSUzI1NiIsImtpZCI6ImMyN2JhNDBiMDk1MjlhZDRmMTY4MjJjZTgzMTY3YzFiYzM5MTAxMjIiLCJ0eXAiOiJKV1QifQ.eyJpc3MiOiJodHRwczovL2FjY291bnRzLmdvb2dsZS5jb20iLCJhenAiOiI5ODE2MTQ0MzE3MDAtaDBibXQxNWE5c3M3ZWgwZThwMGpna3ZvMTQ3aDQzYm0uYXBwcy5nb29nbGV1c2VyY29udGVudC5jb20iLCJhdWQiOiI5ODE2MTQ0MzE3MDAtaDBibXQxNWE5c3M3ZWgwZThwMGpna3ZvMTQ3aDQzYm0uYXBwcy5nb29nbGV1c2VyY29udGVudC5jb20iLCJzdWIiOiIxMTY4MTA0OTIwNzk5Njc3NDE2OTUiLCJlbWFpbCI6ImRpbWF6YWsyNzA0QGdtYWlsLmNvbSIsImVtYWlsX3ZlcmlmaWVkIjp0cnVlLCJuYmYiOjE3NzA0MTM5MTYsIm5hbWUiOiLQlNC80LjRgtGA0L4g0JfQsNC60YPRiNC90Y_QuiIsInBpY3R1cmUiOiJodHRwczovL2xoMy5nb29nbGV1c2VyY29udGVudC5jb20vYS9BQ2c4b2NMRGVtR1RMLUVqWE1CblpjRFAwNk40VVlvWFdJdzlwSDlEOFYxMmdCSjNnd2dNUHk0amF3PXM5Ni1jIiwiZ2l2ZW5fbmFtZSI6ItCU0LzQuNGC0YDQviIsImZhbWlseV9uYW1lIjoi0JfQsNC60YPRiNC90Y_QuiIsImlhdCI6MTc3MDQxNDIxNiwiZXhwIjoxNzcwNDE3ODE2LCJqdGkiOiI5NzMxNTEzY2E4NjY0YjczMmQxZjg3MDUyNzg3ODFmNWRkOTYxM2QxIn0.LRBZ9xJBtERvRpcq2XzJVefrkZ6q0yvnNO7z5zH_1t0W-x-Vx7pn2gufZdP1_oCQYNh2dlKYsHRAUu_LX289Acjneq0xMzIXgmsuYt4Du_6dfVqb4td_8tT_AxjiQeF2ijSz0FXoRQIk14TpEq6S4PnHWvtMcvIuEOuTSZJ17l4DOecqWDtcx5HV80CIv_JNof0AbWeKVcHyr-zqHE6EfBbC3fisr5VQG4YR7rHzgDMBMcxrqgnR0oP4j0EPud55zPmLDfC1JmfSTA_sFiEUaW_c7cPtbpX7waPNcXHVU3z1CrCvwWrcyInEWuurSxpNOhPD3SHOv9sm0Zv60DV3vw, password=12345678, card=null)]
2026-02-06 23:43:42 INFO  c.e.d.a.a.LoggingServices [http-nio-8080-exec-9] - <-- END method 'registerWithGoogle'. Return: AuthResponse(token=eyJhbGciOiJIUzM4NCJ9.eyJyb2xlIjoiQ0xJRU5UIiwic3ViIjoiZGltYXphazI3MDRAZ21haWwuY29tIiwiaWF0IjoxNzcwNDE0MjIxLCJleHAiOjE3NzA1MDA2MjF9.TodNGDARH0jsLhl9RBLXtJI4bTkvWVQcFKhiXSH-d4r2g22PAEjizGf_e26Nml7M, role=CLIENT, name=Дмитро Закушняк). Time taken: 330 ms
2026-02-06 23:43:56 INFO  c.e.d.a.a.LoggingServices [http-nio-8080-exec-7] - --> START method 'register' with arguments: [RegisterRequest(name=asd, email=dimazak2704@gmail.com, password=12345667, card=)]
2026-02-06 23:43:56 ERROR c.e.d.a.a.LoggingServices [http-nio-8080-exec-7] - <-- ERROR in method 'register': User with this email already exists
2026-02-06 23:43:56 WARN  c.e.d.a.e.GlobalExceptionHandler [http-nio-8080-exec-7] - Registration failed: User with this email already exists
2026-02-06 23:45:21 INFO  c.e.d.a.a.LoggingServices [http-nio-8080-exec-4] - --> START method 'register' with arguments: [RegisterRequest(name=Ivan, email=ivonovivanpro@gmail.com, password=12345678, card=null)]
2026-02-06 23:45:21 ERROR c.e.d.a.a.LoggingServices [http-nio-8080-exec-4] - <-- ERROR in method 'register': User with this email already exists
2026-02-06 23:45:21 WARN  c.e.d.a.e.GlobalExceptionHandler [http-nio-8080-exec-4] - Registration failed: User with this email already exists
